mode: set
AltaStore/business/product/mocks/Service.go:17.67,21.59 3 0
AltaStore/business/product/mocks/Service.go:27.2,27.11 1 0
AltaStore/business/product/mocks/Service.go:21.59,23.3 1 0
AltaStore/business/product/mocks/Service.go:23.8,25.3 1 0
AltaStore/business/product/mocks/Service.go:31.77,35.62 3 0
AltaStore/business/product/mocks/Service.go:43.2,44.51 2 0
AltaStore/business/product/mocks/Service.go:50.2,50.15 1 0
AltaStore/business/product/mocks/Service.go:35.62,37.3 1 0
AltaStore/business/product/mocks/Service.go:37.8,38.24 1 0
AltaStore/business/product/mocks/Service.go:38.24,40.4 1 0
AltaStore/business/product/mocks/Service.go:44.51,46.3 1 0
AltaStore/business/product/mocks/Service.go:46.8,48.3 1 0
AltaStore/business/product/mocks/Service.go:54.73,58.62 3 0
AltaStore/business/product/mocks/Service.go:66.2,67.51 2 0
AltaStore/business/product/mocks/Service.go:73.2,73.15 1 0
AltaStore/business/product/mocks/Service.go:58.62,60.3 1 0
AltaStore/business/product/mocks/Service.go:60.8,61.24 1 0
AltaStore/business/product/mocks/Service.go:61.24,63.4 1 0
AltaStore/business/product/mocks/Service.go:67.51,69.3 1 0
AltaStore/business/product/mocks/Service.go:69.8,71.3 1 0
AltaStore/business/product/mocks/Service.go:77.64,81.58 3 0
AltaStore/business/product/mocks/Service.go:89.2,90.45 2 0
AltaStore/business/product/mocks/Service.go:96.2,96.15 1 0
AltaStore/business/product/mocks/Service.go:81.58,83.3 1 0
AltaStore/business/product/mocks/Service.go:83.8,84.24 1 0
AltaStore/business/product/mocks/Service.go:84.24,86.4 1 0
AltaStore/business/product/mocks/Service.go:90.45,92.3 1 0
AltaStore/business/product/mocks/Service.go:92.8,94.3 1 0
AltaStore/business/product/mocks/Service.go:100.148,104.96 3 0
AltaStore/business/product/mocks/Service.go:112.2,113.83 2 0
AltaStore/business/product/mocks/Service.go:119.2,119.15 1 0
AltaStore/business/product/mocks/Service.go:104.96,106.3 1 0
AltaStore/business/product/mocks/Service.go:106.8,107.24 1 0
AltaStore/business/product/mocks/Service.go:107.24,109.4 1 0
AltaStore/business/product/mocks/Service.go:113.83,115.3 1 0
AltaStore/business/product/mocks/Service.go:115.8,117.3 1 0
AltaStore/business/product/mocks/Service.go:123.92,127.79 3 0
AltaStore/business/product/mocks/Service.go:133.2,133.11 1 0
AltaStore/business/product/mocks/Service.go:127.79,129.3 1 0
AltaStore/business/product/mocks/Service.go:129.8,131.3 1 0
AltaStore/business/product/mocks/Service.go:137.104,141.87 3 0
AltaStore/business/product/mocks/Service.go:147.2,147.11 1 0
AltaStore/business/product/mocks/Service.go:141.87,143.3 1 0
AltaStore/business/product/mocks/Service.go:143.8,145.3 1 0
AltaStore/business/product/product.go:40.11,55.2 1 1
AltaStore/business/product/product.go:66.11,81.2 1 1
AltaStore/business/product/product.go:85.26,103.2 1 1
AltaStore/business/category/service.go:21.48,24.2 1 0
AltaStore/business/category/service.go:26.57,28.2 1 0
AltaStore/business/category/service.go:30.66,32.2 1 0
AltaStore/business/category/service.go:34.70,36.2 1 0
AltaStore/business/category/service.go:38.80,45.16 2 0
AltaStore/business/category/service.go:49.2,50.17 2 0
AltaStore/business/category/service.go:54.2,57.50 2 0
AltaStore/business/category/service.go:45.16,47.3 1 0
AltaStore/business/category/service.go:50.17,52.3 1 0
AltaStore/business/category/service.go:60.92,67.16 2 0
AltaStore/business/category/service.go:71.2,73.54 2 0
AltaStore/business/category/service.go:67.16,69.3 1 0
AltaStore/business/category/service.go:76.67,82.2 1 0
AltaStore/api/v1/product/request/insert.go:17.75,29.2 9 0
AltaStore/business/product/service.go:41.82,43.2 1 1
AltaStore/business/product/service.go:45.55,47.2 1 1
AltaStore/business/product/service.go:49.111,51.2 1 1
AltaStore/business/product/service.go:53.64,55.2 1 1
AltaStore/business/product/service.go:57.68,59.2 1 1
AltaStore/business/product/service.go:61.83,63.16 2 1
AltaStore/business/product/service.go:70.2,71.24 2 1
AltaStore/business/product/service.go:74.2,75.16 2 1
AltaStore/business/product/service.go:78.2,90.41 2 1
AltaStore/business/product/service.go:63.16,65.3 1 0
AltaStore/business/product/service.go:71.24,73.3 1 1
AltaStore/business/product/service.go:75.16,77.3 1 1
AltaStore/business/product/service.go:93.101,95.16 2 1
AltaStore/business/product/service.go:102.2,103.16 2 1
AltaStore/business/product/service.go:110.2,111.16 2 1
AltaStore/business/product/service.go:114.2,125.52 2 1
AltaStore/business/product/service.go:95.16,97.3 1 0
AltaStore/business/product/service.go:103.16,105.3 1 1
AltaStore/business/product/service.go:105.8,105.27 1 1
AltaStore/business/product/service.go:105.27,107.3 1 0
AltaStore/business/product/service.go:107.8,107.36 1 1
AltaStore/business/product/service.go:107.36,109.3 1 0
AltaStore/business/product/service.go:111.16,113.3 1 1
AltaStore/business/product/service.go:128.66,134.16 2 1
AltaStore/business/product/service.go:141.2,146.50 2 1
AltaStore/business/product/service.go:134.16,136.3 1 1
AltaStore/business/product/service.go:136.8,136.27 1 1
AltaStore/business/product/service.go:136.27,138.3 1 0
AltaStore/business/product/service.go:138.8,138.36 1 1
AltaStore/business/product/service.go:138.36,140.3 1 0
AltaStore/util/validator/validator.go:13.41,17.21 3 1
AltaStore/util/validator/validator.go:21.2,21.17 1 1
AltaStore/util/validator/validator.go:17.21,19.3 1 1
AltaStore/api/v1/category/request/update.go:10.69,17.2 4 0
AltaStore/api/v1/product/response/getById.go:20.52,35.2 12 0
AltaStore/modules/logger/repository.go:15.52,17.2 1 0
AltaStore/modules/logger/repository.go:19.71,24.2 2 0
AltaStore/business/category/mocks/Repository.go:17.71,21.59 3 0
AltaStore/business/category/mocks/Repository.go:27.2,27.11 1 0
AltaStore/business/category/mocks/Repository.go:21.59,23.3 1 0
AltaStore/business/category/mocks/Repository.go:23.8,25.3 1 0
AltaStore/business/category/mocks/Repository.go:31.83,35.64 3 0
AltaStore/business/category/mocks/Repository.go:43.2,44.51 2 0
AltaStore/business/category/mocks/Repository.go:50.2,50.15 1 0
AltaStore/business/category/mocks/Repository.go:35.64,37.3 1 0
AltaStore/business/category/mocks/Repository.go:37.8,38.24 1 0
AltaStore/business/category/mocks/Repository.go:38.24,40.4 1 0
AltaStore/business/category/mocks/Repository.go:44.51,46.3 1 0
AltaStore/business/category/mocks/Repository.go:46.8,48.3 1 0
AltaStore/business/category/mocks/Repository.go:54.79,58.64 3 0
AltaStore/business/category/mocks/Repository.go:66.2,67.51 2 0
AltaStore/business/category/mocks/Repository.go:73.2,73.15 1 0
AltaStore/business/category/mocks/Repository.go:58.64,60.3 1 0
AltaStore/business/category/mocks/Repository.go:60.8,61.24 1 0
AltaStore/business/category/mocks/Repository.go:61.24,63.4 1 0
AltaStore/business/category/mocks/Repository.go:67.51,69.3 1 0
AltaStore/business/category/mocks/Repository.go:69.8,71.3 1 0
AltaStore/business/category/mocks/Repository.go:77.70,81.60 3 0
AltaStore/business/category/mocks/Repository.go:89.2,90.45 2 0
AltaStore/business/category/mocks/Repository.go:96.2,96.15 1 0
AltaStore/business/category/mocks/Repository.go:81.60,83.3 1 0
AltaStore/business/category/mocks/Repository.go:83.8,84.24 1 0
AltaStore/business/category/mocks/Repository.go:84.24,86.4 1 0
AltaStore/business/category/mocks/Repository.go:90.45,92.3 1 0
AltaStore/business/category/mocks/Repository.go:92.8,94.3 1 0
AltaStore/business/category/mocks/Repository.go:100.67,104.62 3 0
AltaStore/business/category/mocks/Repository.go:110.2,110.11 1 0
AltaStore/business/category/mocks/Repository.go:104.62,106.3 1 0
AltaStore/business/category/mocks/Repository.go:106.8,108.3 1 0
AltaStore/business/category/mocks/Repository.go:114.78,118.70 3 0
AltaStore/business/category/mocks/Repository.go:124.2,124.11 1 0
AltaStore/business/category/mocks/Repository.go:118.70,120.3 1 0
AltaStore/business/category/mocks/Repository.go:120.8,122.3 1 0
AltaStore/api/v1/purchasereceiving/response/getAll.go:20.92,23.42 3 0
AltaStore/api/v1/purchasereceiving/response/getAll.go:34.2,34.44 1 0
AltaStore/api/v1/purchasereceiving/response/getAll.go:38.2,38.22 1 0
AltaStore/api/v1/purchasereceiving/response/getAll.go:23.42,32.3 6 0
AltaStore/api/v1/purchasereceiving/response/getAll.go:34.44,36.3 1 0
AltaStore/api/routes.go:17.3,18.78 1 0
AltaStore/api/routes.go:23.2,27.53 3 0
AltaStore/api/routes.go:48.2,67.69 18 0
AltaStore/api/routes.go:18.78,19.29 1 0
AltaStore/api/routes.go:27.53,36.40 5 0
AltaStore/api/routes.go:41.3,43.38 2 0
AltaStore/api/routes.go:36.40,39.4 2 0
AltaStore/main.go:41.60,48.16 3 0
AltaStore/main.go:52.2,54.11 2 0
AltaStore/main.go:48.16,49.13 1 0
AltaStore/main.go:57.66,63.16 3 0
AltaStore/main.go:67.2,68.16 2 0
AltaStore/main.go:72.2,72.41 1 0
AltaStore/main.go:63.16,64.13 1 0
AltaStore/main.go:68.16,69.13 1 0
AltaStore/main.go:75.13,138.27 21 0
AltaStore/main.go:143.2,147.16 4 0
AltaStore/main.go:138.27,141.3 2 0
AltaStore/main.go:147.16,149.3 1 0
AltaStore/api/v1/product/request/update.go:14.75,25.2 8 0
AltaStore/business/purchasereceiving/mocks/RepositoryDetail.go:19.140,23.81 3 0
AltaStore/business/purchasereceiving/mocks/RepositoryDetail.go:29.2,29.11 1 0
AltaStore/business/purchasereceiving/mocks/RepositoryDetail.go:23.81,25.3 1 0
AltaStore/business/purchasereceiving/mocks/RepositoryDetail.go:25.8,27.3 1 0
AltaStore/business/purchasereceiving/mocks/RepositoryDetail.go:33.93,37.59 3 0
AltaStore/business/purchasereceiving/mocks/RepositoryDetail.go:43.2,43.11 1 0
AltaStore/business/purchasereceiving/mocks/RepositoryDetail.go:37.59,39.3 1 0
AltaStore/business/purchasereceiving/mocks/RepositoryDetail.go:39.8,41.3 1 0
AltaStore/business/purchasereceiving/mocks/RepositoryDetail.go:47.123,51.88 3 0
AltaStore/business/purchasereceiving/mocks/RepositoryDetail.go:59.2,60.51 2 0
AltaStore/business/purchasereceiving/mocks/RepositoryDetail.go:66.2,66.15 1 0
AltaStore/business/purchasereceiving/mocks/RepositoryDetail.go:51.88,53.3 1 0
AltaStore/business/purchasereceiving/mocks/RepositoryDetail.go:53.8,54.24 1 0
AltaStore/business/purchasereceiving/mocks/RepositoryDetail.go:54.24,56.4 1 0
AltaStore/business/purchasereceiving/mocks/RepositoryDetail.go:60.51,62.3 1 0
AltaStore/business/purchasereceiving/mocks/RepositoryDetail.go:62.8,64.3 1 0
AltaStore/business/purchasereceiving/mocks/RepositoryDetail.go:70.142,74.90 3 0
AltaStore/business/purchasereceiving/mocks/RepositoryDetail.go:82.2,83.51 2 0
AltaStore/business/purchasereceiving/mocks/RepositoryDetail.go:89.2,89.15 1 0
AltaStore/business/purchasereceiving/mocks/RepositoryDetail.go:74.90,76.3 1 0
AltaStore/business/purchasereceiving/mocks/RepositoryDetail.go:76.8,77.24 1 0
AltaStore/business/purchasereceiving/mocks/RepositoryDetail.go:77.24,79.4 1 0
AltaStore/business/purchasereceiving/mocks/RepositoryDetail.go:83.51,85.3 1 0
AltaStore/business/purchasereceiving/mocks/RepositoryDetail.go:85.8,87.3 1 0
AltaStore/business/purchasereceiving/mocks/RepositoryDetail.go:93.114,97.87 3 0
AltaStore/business/purchasereceiving/mocks/RepositoryDetail.go:103.2,103.11 1 0
AltaStore/business/purchasereceiving/mocks/RepositoryDetail.go:97.87,99.3 1 0
AltaStore/business/purchasereceiving/mocks/RepositoryDetail.go:99.8,101.3 1 0
AltaStore/business/purchasereceiving/mocks/RepositoryDetail.go:107.163,111.93 3 0
AltaStore/business/purchasereceiving/mocks/RepositoryDetail.go:117.2,117.11 1 0
AltaStore/business/purchasereceiving/mocks/RepositoryDetail.go:111.93,113.3 1 0
AltaStore/business/purchasereceiving/mocks/RepositoryDetail.go:113.8,115.3 1 0
AltaStore/config/config.go:25.29,55.16 19 0
AltaStore/config/config.go:60.2,62.16 3 0
AltaStore/config/config.go:67.2,67.21 1 0
AltaStore/config/config.go:55.16,58.3 2 0
AltaStore/config/config.go:62.16,65.3 2 0
AltaStore/business/category/category.go:23.12,33.2 1 0
AltaStore/business/category/category.go:35.88,41.2 1 0
AltaStore/modules/category/repository.go:28.58,38.2 1 0
AltaStore/modules/category/repository.go:40.62,50.2 1 0
AltaStore/modules/category/repository.go:52.45,54.2 1 0
AltaStore/modules/category/repository.go:56.69,60.16 3 0
AltaStore/modules/category/repository.go:64.2,65.35 2 0
AltaStore/modules/category/repository.go:69.2,69.21 1 0
AltaStore/modules/category/repository.go:60.16,62.3 1 0
AltaStore/modules/category/repository.go:65.35,67.3 1 0
AltaStore/modules/category/repository.go:72.78,76.16 3 0
AltaStore/modules/category/repository.go:80.2,81.23 2 0
AltaStore/modules/category/repository.go:76.16,78.3 1 0
AltaStore/modules/category/repository.go:84.82,88.16 3 0
AltaStore/modules/category/repository.go:92.2,93.23 2 0
AltaStore/modules/category/repository.go:88.16,90.3 1 0
AltaStore/modules/category/repository.go:96.66,99.45 2 0
AltaStore/modules/category/repository.go:106.2,108.40 2 0
AltaStore/modules/category/repository.go:99.45,100.17 1 0
AltaStore/modules/category/repository.go:103.3,103.32 1 0
AltaStore/modules/category/repository.go:100.17,102.4 1 0
AltaStore/modules/category/repository.go:111.77,116.16 4 0
AltaStore/modules/category/repository.go:120.2,123.16 2 0
AltaStore/modules/category/repository.go:127.2,127.12 1 0
AltaStore/modules/category/repository.go:116.16,118.3 1 0
AltaStore/modules/category/repository.go:123.16,125.3 1 0
AltaStore/modules/category/repository.go:130.69,134.85 3 0
AltaStore/modules/category/repository.go:138.2,141.10 1 0
AltaStore/modules/category/repository.go:134.85,136.3 1 0
AltaStore/business/category/mocks/Service.go:17.68,21.59 3 0
AltaStore/business/category/mocks/Service.go:27.2,27.11 1 0
AltaStore/business/category/mocks/Service.go:21.59,23.3 1 0
AltaStore/business/category/mocks/Service.go:23.8,25.3 1 0
AltaStore/business/category/mocks/Service.go:31.80,35.64 3 0
AltaStore/business/category/mocks/Service.go:43.2,44.51 2 0
AltaStore/business/category/mocks/Service.go:50.2,50.15 1 0
AltaStore/business/category/mocks/Service.go:35.64,37.3 1 0
AltaStore/business/category/mocks/Service.go:37.8,38.24 1 0
AltaStore/business/category/mocks/Service.go:38.24,40.4 1 0
AltaStore/business/category/mocks/Service.go:44.51,46.3 1 0
AltaStore/business/category/mocks/Service.go:46.8,48.3 1 0
AltaStore/business/category/mocks/Service.go:54.76,58.64 3 1
AltaStore/business/category/mocks/Service.go:66.2,67.51 2 1
AltaStore/business/category/mocks/Service.go:73.2,73.15 1 1
AltaStore/business/category/mocks/Service.go:58.64,60.3 1 0
AltaStore/business/category/mocks/Service.go:60.8,61.24 1 1
AltaStore/business/category/mocks/Service.go:61.24,63.4 1 1
AltaStore/business/category/mocks/Service.go:67.51,69.3 1 0
AltaStore/business/category/mocks/Service.go:69.8,71.3 1 1
AltaStore/business/category/mocks/Service.go:77.67,81.60 3 0
AltaStore/business/category/mocks/Service.go:89.2,90.45 2 0
AltaStore/business/category/mocks/Service.go:96.2,96.15 1 0
AltaStore/business/category/mocks/Service.go:81.60,83.3 1 0
AltaStore/business/category/mocks/Service.go:83.8,84.24 1 0
AltaStore/business/category/mocks/Service.go:84.24,86.4 1 0
AltaStore/business/category/mocks/Service.go:90.45,92.3 1 0
AltaStore/business/category/mocks/Service.go:92.8,94.3 1 0
AltaStore/business/category/mocks/Service.go:100.85,104.75 3 0
AltaStore/business/category/mocks/Service.go:110.2,110.11 1 0
AltaStore/business/category/mocks/Service.go:104.75,106.3 1 0
AltaStore/business/category/mocks/Service.go:106.8,108.3 1 0
AltaStore/business/category/mocks/Service.go:114.97,118.83 3 0
AltaStore/business/category/mocks/Service.go:124.2,124.11 1 0
AltaStore/business/category/mocks/Service.go:118.83,120.3 1 0
AltaStore/business/category/mocks/Service.go:120.8,122.3 1 0
AltaStore/business/product/mocks/Repository.go:17.68,21.60 3 1
AltaStore/business/product/mocks/Repository.go:27.2,27.11 1 1
AltaStore/business/product/mocks/Repository.go:21.60,23.3 1 0
AltaStore/business/product/mocks/Repository.go:23.8,25.3 1 1
AltaStore/business/product/mocks/Repository.go:31.80,35.62 3 1
AltaStore/business/product/mocks/Repository.go:43.2,44.51 2 1
AltaStore/business/product/mocks/Repository.go:50.2,50.15 1 1
AltaStore/business/product/mocks/Repository.go:35.62,37.3 1 0
AltaStore/business/product/mocks/Repository.go:37.8,38.24 1 1
AltaStore/business/product/mocks/Repository.go:38.24,40.4 1 1
AltaStore/business/product/mocks/Repository.go:44.51,46.3 1 0
AltaStore/business/product/mocks/Repository.go:46.8,48.3 1 1
AltaStore/business/product/mocks/Repository.go:54.76,58.62 3 1
AltaStore/business/product/mocks/Repository.go:66.2,67.51 2 1
AltaStore/business/product/mocks/Repository.go:73.2,73.15 1 1
AltaStore/business/product/mocks/Repository.go:58.62,60.3 1 0
AltaStore/business/product/mocks/Repository.go:60.8,61.24 1 1
AltaStore/business/product/mocks/Repository.go:61.24,63.4 1 1
AltaStore/business/product/mocks/Repository.go:67.51,69.3 1 0
AltaStore/business/product/mocks/Repository.go:69.8,71.3 1 1
AltaStore/business/product/mocks/Repository.go:77.67,81.58 3 1
AltaStore/business/product/mocks/Repository.go:89.2,90.45 2 1
AltaStore/business/product/mocks/Repository.go:96.2,96.15 1 1
AltaStore/business/product/mocks/Repository.go:81.58,83.3 1 0
AltaStore/business/product/mocks/Repository.go:83.8,84.24 1 1
AltaStore/business/product/mocks/Repository.go:84.24,86.4 1 1
AltaStore/business/product/mocks/Repository.go:90.45,92.3 1 0
AltaStore/business/product/mocks/Repository.go:92.8,94.3 1 1
AltaStore/business/product/mocks/Repository.go:100.151,104.96 3 1
AltaStore/business/product/mocks/Repository.go:112.2,113.83 2 1
AltaStore/business/product/mocks/Repository.go:119.2,119.15 1 1
AltaStore/business/product/mocks/Repository.go:104.96,106.3 1 0
AltaStore/business/product/mocks/Repository.go:106.8,107.24 1 1
AltaStore/business/product/mocks/Repository.go:107.24,109.4 1 1
AltaStore/business/product/mocks/Repository.go:113.83,115.3 1 0
AltaStore/business/product/mocks/Repository.go:115.8,117.3 1 1
AltaStore/business/product/mocks/Repository.go:123.68,127.60 3 1
AltaStore/business/product/mocks/Repository.go:133.2,133.11 1 1
AltaStore/business/product/mocks/Repository.go:127.60,129.3 1 0
AltaStore/business/product/mocks/Repository.go:129.8,131.3 1 1
AltaStore/business/product/mocks/Repository.go:137.68,141.60 3 1
AltaStore/business/product/mocks/Repository.go:147.2,147.11 1 1
AltaStore/business/product/mocks/Repository.go:141.60,143.3 1 0
AltaStore/business/product/mocks/Repository.go:143.8,145.3 1 1
AltaStore/api/v1/purchasereceiving/controller.go:18.67,20.2 1 0
AltaStore/api/v1/purchasereceiving/controller.go:22.70,25.16 3 0
AltaStore/api/v1/purchasereceiving/controller.go:28.2,29.28 2 0
AltaStore/api/v1/purchasereceiving/controller.go:32.2,32.47 1 0
AltaStore/api/v1/purchasereceiving/controller.go:36.2,38.44 2 0
AltaStore/api/v1/purchasereceiving/controller.go:42.2,42.104 1 0
AltaStore/api/v1/purchasereceiving/controller.go:46.2,46.54 1 0
AltaStore/api/v1/purchasereceiving/controller.go:25.16,27.3 1 0
AltaStore/api/v1/purchasereceiving/controller.go:29.28,31.3 1 0
AltaStore/api/v1/purchasereceiving/controller.go:32.47,34.3 1 0
AltaStore/api/v1/purchasereceiving/controller.go:38.44,40.3 1 0
AltaStore/api/v1/purchasereceiving/controller.go:42.104,44.3 1 0
AltaStore/api/v1/purchasereceiving/controller.go:49.70,53.42 3 0
AltaStore/api/v1/purchasereceiving/controller.go:57.2,58.16 2 0
AltaStore/api/v1/purchasereceiving/controller.go:62.2,62.47 1 0
AltaStore/api/v1/purchasereceiving/controller.go:66.2,67.28 2 0
AltaStore/api/v1/purchasereceiving/controller.go:71.2,72.44 2 0
AltaStore/api/v1/purchasereceiving/controller.go:76.2,76.108 1 0
AltaStore/api/v1/purchasereceiving/controller.go:80.2,80.54 1 0
AltaStore/api/v1/purchasereceiving/controller.go:53.42,55.3 1 0
AltaStore/api/v1/purchasereceiving/controller.go:58.16,60.3 1 0
AltaStore/api/v1/purchasereceiving/controller.go:62.47,64.3 1 0
AltaStore/api/v1/purchasereceiving/controller.go:67.28,69.3 1 0
AltaStore/api/v1/purchasereceiving/controller.go:72.44,74.3 1 0
AltaStore/api/v1/purchasereceiving/controller.go:76.108,78.3 1 0
AltaStore/api/v1/purchasereceiving/controller.go:83.70,88.16 4 0
AltaStore/api/v1/purchasereceiving/controller.go:91.2,92.28 2 0
AltaStore/api/v1/purchasereceiving/controller.go:95.2,95.41 1 0
AltaStore/api/v1/purchasereceiving/controller.go:98.2,98.46 1 0
AltaStore/api/v1/purchasereceiving/controller.go:102.2,102.70 1 0
AltaStore/api/v1/purchasereceiving/controller.go:106.2,106.54 1 0
AltaStore/api/v1/purchasereceiving/controller.go:88.16,90.3 1 0
AltaStore/api/v1/purchasereceiving/controller.go:92.28,94.3 1 0
AltaStore/api/v1/purchasereceiving/controller.go:95.41,97.3 1 0
AltaStore/api/v1/purchasereceiving/controller.go:98.46,100.3 1 0
AltaStore/api/v1/purchasereceiving/controller.go:102.70,104.3 1 0
AltaStore/api/v1/purchasereceiving/controller.go:109.70,111.14 2 0
AltaStore/api/v1/purchasereceiving/controller.go:116.2,119.16 3 0
AltaStore/api/v1/purchasereceiving/controller.go:122.2,123.28 2 0
AltaStore/api/v1/purchasereceiving/controller.go:126.2,126.47 1 0
AltaStore/api/v1/purchasereceiving/controller.go:130.2,131.16 2 0
AltaStore/api/v1/purchasereceiving/controller.go:135.2,139.3 1 0
AltaStore/api/v1/purchasereceiving/controller.go:111.14,112.43 1 0
AltaStore/api/v1/purchasereceiving/controller.go:112.43,114.4 1 0
AltaStore/api/v1/purchasereceiving/controller.go:119.16,121.3 1 0
AltaStore/api/v1/purchasereceiving/controller.go:123.28,125.3 1 0
AltaStore/api/v1/purchasereceiving/controller.go:126.47,128.3 1 0
AltaStore/api/v1/purchasereceiving/controller.go:131.16,133.3 1 0
AltaStore/api/v1/purchasereceiving/controller.go:142.72,145.42 2 0
AltaStore/api/v1/purchasereceiving/controller.go:148.2,149.16 2 0
AltaStore/api/v1/purchasereceiving/controller.go:152.2,153.28 2 0
AltaStore/api/v1/purchasereceiving/controller.go:156.2,156.47 1 0
AltaStore/api/v1/purchasereceiving/controller.go:159.2,160.16 2 0
AltaStore/api/v1/purchasereceiving/controller.go:164.2,166.59 2 0
AltaStore/api/v1/purchasereceiving/controller.go:145.42,147.3 1 0
AltaStore/api/v1/purchasereceiving/controller.go:149.16,151.3 1 0
AltaStore/api/v1/purchasereceiving/controller.go:153.28,155.3 1 0
AltaStore/api/v1/purchasereceiving/controller.go:156.47,158.3 1 0
AltaStore/api/v1/purchasereceiving/controller.go:160.16,162.3 1 0
AltaStore/api/v1/category/response/oneCategory.go:15.62,24.2 6 0
AltaStore/api/v1/category/controller.go:18.58,20.2 1 0
AltaStore/api/v1/category/controller.go:22.61,24.16 2 0
AltaStore/api/v1/category/controller.go:28.2,32.3 1 0
AltaStore/api/v1/category/controller.go:24.16,26.3 1 0
AltaStore/api/v1/category/controller.go:35.63,38.42 2 0
AltaStore/api/v1/category/controller.go:42.2,43.16 2 0
AltaStore/api/v1/category/controller.go:47.2,49.59 2 0
AltaStore/api/v1/category/controller.go:38.42,40.3 1 0
AltaStore/api/v1/category/controller.go:43.16,45.3 1 0
AltaStore/api/v1/category/controller.go:52.61,57.16 4 0
AltaStore/api/v1/category/controller.go:60.2,61.28 2 0
AltaStore/api/v1/category/controller.go:64.2,64.48 1 0
AltaStore/api/v1/category/controller.go:68.2,68.90 1 0
AltaStore/api/v1/category/controller.go:72.2,72.54 1 0
AltaStore/api/v1/category/controller.go:57.16,59.3 1 0
AltaStore/api/v1/category/controller.go:61.28,63.3 1 0
AltaStore/api/v1/category/controller.go:64.48,66.3 1 0
AltaStore/api/v1/category/controller.go:68.90,70.3 1 0
AltaStore/api/v1/category/controller.go:75.61,79.41 3 0
AltaStore/api/v1/category/controller.go:83.2,84.16 2 0
AltaStore/api/v1/category/controller.go:87.2,87.46 1 0
AltaStore/api/v1/category/controller.go:91.2,92.28 2 0
AltaStore/api/v1/category/controller.go:96.2,97.48 2 0
AltaStore/api/v1/category/controller.go:101.2,101.90 1 0
AltaStore/api/v1/category/controller.go:105.2,105.54 1 0
AltaStore/api/v1/category/controller.go:79.41,81.3 1 0
AltaStore/api/v1/category/controller.go:84.16,86.3 1 0
AltaStore/api/v1/category/controller.go:87.46,89.3 1 0
AltaStore/api/v1/category/controller.go:92.28,94.3 1 0
AltaStore/api/v1/category/controller.go:97.48,99.3 1 0
AltaStore/api/v1/category/controller.go:101.90,103.3 1 0
AltaStore/api/v1/category/controller.go:108.61,112.41 3 0
AltaStore/api/v1/category/controller.go:116.2,117.28 2 0
AltaStore/api/v1/category/controller.go:121.2,122.46 2 0
AltaStore/api/v1/category/controller.go:126.2,126.61 1 0
AltaStore/api/v1/category/controller.go:130.2,130.54 1 0
AltaStore/api/v1/category/controller.go:112.41,114.3 1 0
AltaStore/api/v1/category/controller.go:117.28,119.3 1 0
AltaStore/api/v1/category/controller.go:122.46,124.3 1 0
AltaStore/api/v1/category/controller.go:126.61,128.3 1 0
AltaStore/api/middleware/jwt.go:13.13,24.2 2 1
AltaStore/api/middleware/jwt.go:26.42,31.2 1 0
AltaStore/api/middleware/jwt.go:33.57,35.16 2 0
AltaStore/api/middleware/jwt.go:43.2,43.38 1 0
AltaStore/api/middleware/jwt.go:35.16,38.19 3 0
AltaStore/api/middleware/jwt.go:41.3,41.21 1 0
AltaStore/api/middleware/jwt.go:38.19,40.4 1 0
AltaStore/api/middleware/jwt.go:46.55,48.16 2 0
AltaStore/api/middleware/jwt.go:53.2,53.41 1 0
AltaStore/api/middleware/jwt.go:48.16,52.3 3 0
AltaStore/modules/purchasereceivingdetail/repository.go:59.111,73.2 1 0
AltaStore/modules/purchasereceivingdetail/repository.go:77.28,91.2 1 0
AltaStore/modules/purchasereceivingdetail/repository.go:93.45,95.2 1 0
AltaStore/modules/purchasereceivingdetail/repository.go:97.104,99.45 2 0
AltaStore/modules/purchasereceivingdetail/repository.go:106.2,107.50 2 0
AltaStore/modules/purchasereceivingdetail/repository.go:111.2,111.12 1 0
AltaStore/modules/purchasereceivingdetail/repository.go:99.45,100.17 1 0
AltaStore/modules/purchasereceivingdetail/repository.go:103.3,103.32 1 0
AltaStore/modules/purchasereceivingdetail/repository.go:100.17,102.4 1 0
AltaStore/modules/purchasereceivingdetail/repository.go:107.50,109.3 1 0
AltaStore/modules/purchasereceivingdetail/repository.go:114.143,117.122 2 0
AltaStore/modules/purchasereceivingdetail/repository.go:121.2,126.10 1 0
AltaStore/modules/purchasereceivingdetail/repository.go:117.122,119.3 1 0
AltaStore/modules/purchasereceivingdetail/repository.go:129.117,132.122 2 0
AltaStore/modules/purchasereceivingdetail/repository.go:136.2,139.10 1 0
AltaStore/modules/purchasereceivingdetail/repository.go:132.122,134.3 1 0
AltaStore/modules/purchasereceivingdetail/repository.go:143.94,147.16 3 0
AltaStore/modules/purchasereceivingdetail/repository.go:154.2,157.10 1 0
AltaStore/modules/purchasereceivingdetail/repository.go:147.16,148.45 1 0
AltaStore/modules/purchasereceivingdetail/repository.go:151.3,151.13 1 0
AltaStore/modules/purchasereceivingdetail/repository.go:148.45,150.4 1 0
AltaStore/modules/purchasereceivingdetail/repository.go:160.135,168.61 3 0
AltaStore/modules/purchasereceivingdetail/repository.go:172.2,174.32 2 0
AltaStore/modules/purchasereceivingdetail/repository.go:178.2,178.26 1 0
AltaStore/modules/purchasereceivingdetail/repository.go:168.61,170.3 1 0
AltaStore/modules/purchasereceivingdetail/repository.go:174.32,176.3 1 0
AltaStore/modules/purchasereceivingdetail/repository.go:181.116,185.16 3 0
AltaStore/modules/purchasereceivingdetail/repository.go:188.2,188.21 1 0
AltaStore/modules/purchasereceivingdetail/repository.go:185.16,187.3 1 0
AltaStore/modules/migration/migration.go:12.34,18.2 1 0
AltaStore/business/purchasereceiving/mocks/Repository.go:19.96,23.81 3 0
AltaStore/business/purchasereceiving/mocks/Repository.go:29.2,29.11 1 0
AltaStore/business/purchasereceiving/mocks/Repository.go:23.81,25.3 1 0
AltaStore/business/purchasereceiving/mocks/Repository.go:25.8,27.3 1 0
AltaStore/business/purchasereceiving/mocks/Repository.go:33.97,37.78 3 0
AltaStore/business/purchasereceiving/mocks/Repository.go:45.2,46.45 2 0
AltaStore/business/purchasereceiving/mocks/Repository.go:52.2,52.15 1 0
AltaStore/business/purchasereceiving/mocks/Repository.go:37.78,39.3 1 0
AltaStore/business/purchasereceiving/mocks/Repository.go:39.8,40.24 1 0
AltaStore/business/purchasereceiving/mocks/Repository.go:40.24,42.4 1 0
AltaStore/business/purchasereceiving/mocks/Repository.go:46.45,48.3 1 0
AltaStore/business/purchasereceiving/mocks/Repository.go:48.8,50.3 1 0
AltaStore/business/purchasereceiving/mocks/Repository.go:56.119,60.84 3 0
AltaStore/business/purchasereceiving/mocks/Repository.go:68.2,69.51 2 0
AltaStore/business/purchasereceiving/mocks/Repository.go:75.2,75.15 1 0
AltaStore/business/purchasereceiving/mocks/Repository.go:60.84,62.3 1 0
AltaStore/business/purchasereceiving/mocks/Repository.go:62.8,63.24 1 0
AltaStore/business/purchasereceiving/mocks/Repository.go:63.24,65.4 1 0
AltaStore/business/purchasereceiving/mocks/Repository.go:69.51,71.3 1 0
AltaStore/business/purchasereceiving/mocks/Repository.go:71.8,73.3 1 0
AltaStore/business/purchasereceiving/mocks/Repository.go:79.109,83.82 3 0
AltaStore/business/purchasereceiving/mocks/Repository.go:91.2,92.51 2 0
AltaStore/business/purchasereceiving/mocks/Repository.go:98.2,98.15 1 0
AltaStore/business/purchasereceiving/mocks/Repository.go:83.82,85.3 1 0
AltaStore/business/purchasereceiving/mocks/Repository.go:85.8,86.24 1 0
AltaStore/business/purchasereceiving/mocks/Repository.go:86.24,88.4 1 0
AltaStore/business/purchasereceiving/mocks/Repository.go:92.51,94.3 1 0
AltaStore/business/purchasereceiving/mocks/Repository.go:94.8,96.3 1 0
AltaStore/business/purchasereceiving/mocks/Repository.go:102.105,106.82 3 0
AltaStore/business/purchasereceiving/mocks/Repository.go:114.2,115.51 2 0
AltaStore/business/purchasereceiving/mocks/Repository.go:121.2,121.15 1 0
AltaStore/business/purchasereceiving/mocks/Repository.go:106.82,108.3 1 0
AltaStore/business/purchasereceiving/mocks/Repository.go:108.8,109.24 1 0
AltaStore/business/purchasereceiving/mocks/Repository.go:109.24,111.4 1 0
AltaStore/business/purchasereceiving/mocks/Repository.go:115.51,117.3 1 0
AltaStore/business/purchasereceiving/mocks/Repository.go:117.8,119.3 1 0
AltaStore/business/purchasereceiving/mocks/Repository.go:125.96,129.81 3 0
AltaStore/business/purchasereceiving/mocks/Repository.go:135.2,135.11 1 0
AltaStore/business/purchasereceiving/mocks/Repository.go:129.81,131.3 1 0
AltaStore/business/purchasereceiving/mocks/Repository.go:131.8,133.3 1 0
AltaStore/business/purchasereceiving/mocks/Repository.go:139.138,143.90 3 0
AltaStore/business/purchasereceiving/mocks/Repository.go:149.2,149.11 1 0
AltaStore/business/purchasereceiving/mocks/Repository.go:143.90,145.3 1 0
AltaStore/business/purchasereceiving/mocks/Repository.go:145.8,147.3 1 0
AltaStore/api/common/success_response.go:11.74,13.2 1 0
AltaStore/api/common/success_response.go:15.61,17.2 1 0
AltaStore/business/logger/service.go:9.48,11.2 1 0
AltaStore/business/logger/service.go:13.54,19.2 3 0
AltaStore/api/v1/product/controller.go:18.57,20.2 1 0
AltaStore/api/v1/product/controller.go:22.60,24.14 2 0
AltaStore/api/v1/product/controller.go:31.2,36.16 6 0
AltaStore/api/v1/product/controller.go:40.2,44.3 1 0
AltaStore/api/v1/product/controller.go:24.14,29.3 1 0
AltaStore/api/v1/product/controller.go:36.16,38.3 1 0
AltaStore/api/v1/product/controller.go:47.62,50.42 2 0
AltaStore/api/v1/product/controller.go:54.2,55.16 2 0
AltaStore/api/v1/product/controller.go:59.2,61.59 2 0
AltaStore/api/v1/product/controller.go:50.42,52.3 1 0
AltaStore/api/v1/product/controller.go:55.16,57.3 1 0
AltaStore/api/v1/product/controller.go:64.60,68.16 3 0
AltaStore/api/v1/product/controller.go:72.2,73.28 2 0
AltaStore/api/v1/product/controller.go:77.2,79.47 2 0
AltaStore/api/v1/product/controller.go:83.2,83.87 1 0
AltaStore/api/v1/product/controller.go:87.2,87.54 1 0
AltaStore/api/v1/product/controller.go:68.16,70.3 1 0
AltaStore/api/v1/product/controller.go:73.28,75.3 1 0
AltaStore/api/v1/product/controller.go:79.47,81.3 1 0
AltaStore/api/v1/product/controller.go:83.87,85.3 1 0
AltaStore/api/v1/product/controller.go:90.60,94.41 3 0
AltaStore/api/v1/product/controller.go:98.2,99.16 2 0
AltaStore/api/v1/product/controller.go:103.2,104.28 2 0
AltaStore/api/v1/product/controller.go:108.2,109.47 2 0
AltaStore/api/v1/product/controller.go:113.2,113.91 1 0
AltaStore/api/v1/product/controller.go:117.2,117.54 1 0
AltaStore/api/v1/product/controller.go:94.41,96.3 1 0
AltaStore/api/v1/product/controller.go:99.16,101.3 1 0
AltaStore/api/v1/product/controller.go:104.28,106.3 1 0
AltaStore/api/v1/product/controller.go:109.47,111.3 1 0
AltaStore/api/v1/product/controller.go:113.91,115.3 1 0
AltaStore/api/v1/product/controller.go:120.60,124.41 3 0
AltaStore/api/v1/product/controller.go:128.2,129.46 2 0
AltaStore/api/v1/product/controller.go:133.2,134.28 2 0
AltaStore/api/v1/product/controller.go:138.2,138.60 1 0
AltaStore/api/v1/product/controller.go:142.2,142.54 1 0
AltaStore/api/v1/product/controller.go:124.41,126.3 1 0
AltaStore/api/v1/product/controller.go:129.46,131.3 1 0
AltaStore/api/v1/product/controller.go:134.28,136.3 1 0
AltaStore/api/v1/product/controller.go:138.60,140.3 1 0
AltaStore/api/v1/purchasereceiving/request/update.go:20.115,29.32 4 0
AltaStore/api/v1/purchasereceiving/request/update.go:44.2,44.14 1 0
AltaStore/api/v1/purchasereceiving/request/update.go:29.32,42.3 1 0
AltaStore/modules/purchasereceiving/repository.go:30.88,44.2 1 0
AltaStore/modules/purchasereceiving/repository.go:48.22,62.2 1 0
AltaStore/modules/purchasereceiving/repository.go:64.45,66.2 1 0
AltaStore/modules/purchasereceiving/repository.go:68.92,70.52 2 0
AltaStore/modules/purchasereceiving/repository.go:74.2,74.12 1 0
AltaStore/modules/purchasereceiving/repository.go:70.52,72.3 1 0
AltaStore/modules/purchasereceiving/repository.go:78.137,83.45 3 0
AltaStore/modules/purchasereceiving/repository.go:93.2,95.76 2 0
AltaStore/modules/purchasereceiving/repository.go:99.2,104.10 1 0
AltaStore/modules/purchasereceiving/repository.go:83.45,84.17 1 0
AltaStore/modules/purchasereceiving/repository.go:88.3,88.28 1 0
AltaStore/modules/purchasereceiving/repository.go:84.17,86.4 1 0
AltaStore/modules/purchasereceiving/repository.go:88.28,90.4 1 0
AltaStore/modules/purchasereceiving/repository.go:95.76,97.3 1 0
AltaStore/modules/purchasereceiving/repository.go:107.92,114.16 3 0
AltaStore/modules/purchasereceiving/repository.go:117.2,117.12 1 0
AltaStore/modules/purchasereceiving/repository.go:114.16,116.3 1 0
AltaStore/modules/purchasereceiving/repository.go:120.118,127.16 5 0
AltaStore/modules/purchasereceiving/repository.go:130.2,131.16 2 0
AltaStore/modules/purchasereceiving/repository.go:135.2,135.34 1 0
AltaStore/modules/purchasereceiving/repository.go:140.2,140.28 1 0
AltaStore/modules/purchasereceiving/repository.go:127.16,129.3 1 0
AltaStore/modules/purchasereceiving/repository.go:131.16,133.3 1 0
AltaStore/modules/purchasereceiving/repository.go:135.34,138.3 2 0
AltaStore/modules/purchasereceiving/repository.go:142.96,149.16 6 0
AltaStore/modules/purchasereceiving/repository.go:153.2,153.34 1 0
AltaStore/modules/purchasereceiving/repository.go:158.2,158.28 1 0
AltaStore/modules/purchasereceiving/repository.go:149.16,151.3 1 0
AltaStore/modules/purchasereceiving/repository.go:153.34,156.3 2 0
AltaStore/modules/purchasereceiving/repository.go:161.104,165.16 3 0
AltaStore/modules/purchasereceiving/repository.go:169.2,169.44 1 0
AltaStore/modules/purchasereceiving/repository.go:165.16,167.3 1 0
AltaStore/modules/purchasereceiving/repository.go:172.108,176.16 3 0
AltaStore/modules/purchasereceiving/repository.go:180.2,180.44 1 0
AltaStore/modules/purchasereceiving/repository.go:176.16,178.3 1 0
AltaStore/api/v1/purchasereceiving/request/insert.go:16.115,25.32 7 0
AltaStore/api/v1/purchasereceiving/request/insert.go:33.2,33.14 1 0
AltaStore/api/v1/purchasereceiving/request/insert.go:25.32,31.3 4 0
AltaStore/api/v1/category/request/insert.go:12.73,19.2 4 0
AltaStore/business/purchasereceiving/service.go:60.11,62.2 1 0
AltaStore/business/purchasereceiving/service.go:67.112,74.2 1 0
AltaStore/business/purchasereceiving/service.go:76.88,83.2 1 0
AltaStore/business/purchasereceiving/service.go:85.91,91.16 2 0
AltaStore/business/purchasereceiving/service.go:95.2,96.16 2 0
AltaStore/business/purchasereceiving/service.go:99.2,100.22 2 0
AltaStore/business/purchasereceiving/service.go:91.16,93.3 1 0
AltaStore/business/purchasereceiving/service.go:96.16,98.3 1 0
AltaStore/business/purchasereceiving/service.go:103.95,109.2 1 0
AltaStore/business/purchasereceiving/service.go:111.100,113.16 2 0
AltaStore/business/purchasereceiving/service.go:122.2,123.17 2 0
AltaStore/business/purchasereceiving/service.go:127.2,137.16 3 0
AltaStore/business/purchasereceiving/service.go:141.2,141.35 1 0
AltaStore/business/purchasereceiving/service.go:155.2,155.12 1 0
AltaStore/business/purchasereceiving/service.go:113.16,115.3 1 0
AltaStore/business/purchasereceiving/service.go:123.17,125.3 1 0
AltaStore/business/purchasereceiving/service.go:137.16,139.3 1 0
AltaStore/business/purchasereceiving/service.go:141.35,151.17 3 0
AltaStore/business/purchasereceiving/service.go:151.17,153.4 1 0
AltaStore/business/purchasereceiving/service.go:158.112,160.16 2 0
AltaStore/business/purchasereceiving/service.go:169.2,169.69 1 0
AltaStore/business/purchasereceiving/service.go:173.2,173.121 1 0
AltaStore/business/purchasereceiving/service.go:177.2,177.35 1 0
AltaStore/business/purchasereceiving/service.go:206.2,206.12 1 0
AltaStore/business/purchasereceiving/service.go:160.16,162.3 1 0
AltaStore/business/purchasereceiving/service.go:169.69,171.3 1 0
AltaStore/business/purchasereceiving/service.go:173.121,175.3 1 0
AltaStore/business/purchasereceiving/service.go:177.35,178.22 1 0
AltaStore/business/purchasereceiving/service.go:201.3,201.17 1 0
AltaStore/business/purchasereceiving/service.go:178.22,191.4 1 0
AltaStore/business/purchasereceiving/service.go:191.9,191.29 1 0
AltaStore/business/purchasereceiving/service.go:191.29,196.4 1 0
AltaStore/business/purchasereceiving/service.go:196.9,199.4 1 0
AltaStore/business/purchasereceiving/service.go:201.17,203.4 1 0
AltaStore/business/purchasereceiving/service.go:209.76,216.16 2 0
AltaStore/business/purchasereceiving/service.go:219.2,228.16 3 0
AltaStore/business/purchasereceiving/service.go:232.2,232.58 1 0
AltaStore/business/purchasereceiving/service.go:216.16,218.3 1 0
AltaStore/business/purchasereceiving/service.go:228.16,230.3 1 0
AltaStore/api/v1/purchasereceiving/response/getById.go:26.92,36.48 7 0
AltaStore/api/v1/purchasereceiving/response/getById.go:52.2,52.29 1 0
AltaStore/api/v1/purchasereceiving/response/getById.go:56.2,56.18 1 0
AltaStore/api/v1/purchasereceiving/response/getById.go:36.48,50.3 1 0
AltaStore/api/v1/purchasereceiving/response/getById.go:52.29,54.3 1 0
AltaStore/api/middleware/logger.go:15.46,18.14 2 0
AltaStore/api/middleware/logger.go:25.2,31.4 1 0
AltaStore/api/middleware/logger.go:18.14,23.3 1 0
AltaStore/api/middleware/logger.go:34.63,35.36 1 0
AltaStore/api/middleware/logger.go:35.36,38.3 2 0
AltaStore/api/middleware/logger.go:41.46,43.8 2 0
AltaStore/api/middleware/logger.go:49.2,50.46 2 0
AltaStore/api/middleware/logger.go:43.8,45.3 1 0
AltaStore/api/middleware/logger.go:45.8,47.3 1 0
AltaStore/api/common/error_controller_response.go:12.53,14.2 1 0
AltaStore/api/common/error_controller_response.go:16.52,18.2 1 0
AltaStore/api/common/error_controller_response.go:20.51,22.2 1 0
AltaStore/api/common/error_controller_response.go:24.55,26.2 1 0
AltaStore/api/v1/category/response/allCategory.go:11.67,15.36 3 0
AltaStore/api/v1/category/response/allCategory.go:24.2,24.35 1 0
AltaStore/api/v1/category/response/allCategory.go:28.2,28.21 1 0
AltaStore/api/v1/category/response/allCategory.go:15.36,22.3 5 0
AltaStore/api/v1/category/response/allCategory.go:24.35,26.3 1 0
AltaStore/api/v1/product/response/getAll.go:22.52,25.32 3 0
AltaStore/api/v1/product/response/getAll.go:41.2,41.32 1 0
AltaStore/api/v1/product/response/getAll.go:45.2,45.20 1 0
AltaStore/api/v1/product/response/getAll.go:25.32,39.3 11 0
AltaStore/api/v1/product/response/getAll.go:41.32,43.3 1 0
AltaStore/modules/product/repository.go:52.52,69.2 1 0
AltaStore/modules/product/repository.go:71.47,88.2 1 0
AltaStore/modules/product/repository.go:90.49,107.2 1 0
AltaStore/modules/product/repository.go:109.45,111.2 1 0
AltaStore/modules/product/repository.go:113.66,123.16 4 0
AltaStore/modules/product/repository.go:127.2,128.33 2 0
AltaStore/modules/product/repository.go:132.2,132.26 1 0
AltaStore/modules/product/repository.go:123.16,125.3 1 0
AltaStore/modules/product/repository.go:128.33,130.3 1 0
AltaStore/modules/product/repository.go:136.49,147.24 4 0
AltaStore/modules/product/repository.go:151.2,151.14 1 0
AltaStore/modules/product/repository.go:155.2,155.20 1 0
AltaStore/modules/product/repository.go:163.2,163.16 1 0
AltaStore/modules/product/repository.go:167.2,167.16 1 0
AltaStore/modules/product/repository.go:171.2,172.16 2 0
AltaStore/modules/product/repository.go:176.2,176.33 1 0
AltaStore/modules/product/repository.go:180.2,180.26 1 0
AltaStore/modules/product/repository.go:147.24,149.3 1 0
AltaStore/modules/product/repository.go:151.14,153.3 1 0
AltaStore/modules/product/repository.go:155.20,157.17 2 0
AltaStore/modules/product/repository.go:160.3,160.54 1 0
AltaStore/modules/product/repository.go:157.17,159.4 1 0
AltaStore/modules/product/repository.go:163.16,165.3 1 0
AltaStore/modules/product/repository.go:167.16,169.3 1 0
AltaStore/modules/product/repository.go:172.16,174.3 1 0
AltaStore/modules/product/repository.go:176.33,178.3 1 0
AltaStore/modules/product/repository.go:183.75,192.60 3 0
AltaStore/modules/product/repository.go:196.2,197.23 2 0
AltaStore/modules/product/repository.go:192.60,194.3 1 0
AltaStore/modules/product/repository.go:200.79,204.16 3 0
AltaStore/modules/product/repository.go:208.2,209.23 2 0
AltaStore/modules/product/repository.go:204.16,206.3 1 0
AltaStore/modules/product/repository.go:212.61,214.51 2 0
AltaStore/modules/product/repository.go:218.2,218.12 1 0
AltaStore/modules/product/repository.go:214.51,216.3 1 0
AltaStore/modules/product/repository.go:221.61,233.16 3 0
AltaStore/modules/product/repository.go:236.2,236.12 1 0
AltaStore/modules/product/repository.go:233.16,235.3 1 0
AltaStore/modules/product/repository.go:239.61,246.16 3 0
AltaStore/modules/product/repository.go:249.2,249.12 1 0
AltaStore/modules/product/repository.go:246.16,248.3 1 0
AltaStore/api/common/error_business_response.go:21.68,23.2 1 0
AltaStore/api/common/error_business_response.go:25.56,26.13 1 0
AltaStore/api/common/error_business_response.go:27.10,28.42 1 0
AltaStore/api/common/error_business_response.go:30.28,31.31 1 0
AltaStore/api/common/error_business_response.go:33.35,34.38 1 0
AltaStore/api/common/error_business_response.go:36.37,37.32 1 0
AltaStore/api/common/error_business_response.go:39.36,40.34 1 0
AltaStore/api/common/error_business_response.go:42.31,43.29 1 0
AltaStore/api/common/error_business_response.go:45.30,46.28 1 0
AltaStore/api/common/error_business_response.go:48.32,49.30 1 0
AltaStore/api/common/error_business_response.go:50.31,51.29 1 0
AltaStore/api/common/error_business_response.go:55.65,58.2 1 0
AltaStore/api/common/error_business_response.go:60.54,63.2 1 0
AltaStore/api/common/error_business_response.go:65.61,68.2 1 0
AltaStore/api/common/error_business_response.go:70.55,73.2 1 0
AltaStore/api/common/error_business_response.go:75.57,78.2 1 0
AltaStore/api/common/error_business_response.go:80.52,83.2 1 0
AltaStore/api/common/error_business_response.go:85.51,88.2 1 0
AltaStore/api/common/error_business_response.go:90.53,93.2 1 0
AltaStore/api/common/error_business_response.go:95.52,98.2 1 0
AltaStore/business/purchasereceiving/purchasereceiving.go:47.21,57.2 1 0
AltaStore/business/purchasereceiving/purchasereceiving.go:66.27,76.2 1 0
AltaStore/business/purchasereceiving/purchasereceiving.go:84.21,96.2 1 0
AltaStore/business/purchasereceiving/purchasereceiving.go:104.27,115.2 1 0
AltaStore/business/purchasereceiving/purchasereceiving.go:120.21,134.2 1 0
AltaStore/business/purchasereceiving/purchasereceiving.go:139.27,152.2 1 0
AltaStore/business/purchasereceiving/mocks/Service.go:17.77,21.59 3 0
AltaStore/business/purchasereceiving/mocks/Service.go:27.2,27.11 1 0
AltaStore/business/purchasereceiving/mocks/Service.go:21.59,23.3 1 0
AltaStore/business/purchasereceiving/mocks/Service.go:23.8,25.3 1 0
AltaStore/business/purchasereceiving/mocks/Service.go:31.107,35.84 3 0
AltaStore/business/purchasereceiving/mocks/Service.go:43.2,44.51 2 0
AltaStore/business/purchasereceiving/mocks/Service.go:50.2,50.15 1 0
AltaStore/business/purchasereceiving/mocks/Service.go:35.84,37.3 1 0
AltaStore/business/purchasereceiving/mocks/Service.go:37.8,38.24 1 0
AltaStore/business/purchasereceiving/mocks/Service.go:38.24,40.4 1 0
AltaStore/business/purchasereceiving/mocks/Service.go:44.51,46.3 1 0
AltaStore/business/purchasereceiving/mocks/Service.go:46.8,48.3 1 0
AltaStore/business/purchasereceiving/mocks/Service.go:54.131,58.92 3 0
AltaStore/business/purchasereceiving/mocks/Service.go:66.2,67.59 2 0
AltaStore/business/purchasereceiving/mocks/Service.go:73.2,73.15 1 0
AltaStore/business/purchasereceiving/mocks/Service.go:58.92,60.3 1 0
AltaStore/business/purchasereceiving/mocks/Service.go:60.8,61.24 1 0
AltaStore/business/purchasereceiving/mocks/Service.go:61.24,63.4 1 0
AltaStore/business/purchasereceiving/mocks/Service.go:67.59,69.3 1 0
AltaStore/business/purchasereceiving/mocks/Service.go:69.8,71.3 1 0
AltaStore/business/purchasereceiving/mocks/Service.go:77.121,81.90 3 0
AltaStore/business/purchasereceiving/mocks/Service.go:89.2,90.59 2 0
AltaStore/business/purchasereceiving/mocks/Service.go:96.2,96.15 1 0
AltaStore/business/purchasereceiving/mocks/Service.go:81.90,83.3 1 0
AltaStore/business/purchasereceiving/mocks/Service.go:83.8,84.24 1 0
AltaStore/business/purchasereceiving/mocks/Service.go:84.24,86.4 1 0
AltaStore/business/purchasereceiving/mocks/Service.go:90.59,92.3 1 0
AltaStore/business/purchasereceiving/mocks/Service.go:92.8,94.3 1 0
AltaStore/business/purchasereceiving/mocks/Service.go:100.117,104.90 3 0
AltaStore/business/purchasereceiving/mocks/Service.go:112.2,113.59 2 0
AltaStore/business/purchasereceiving/mocks/Service.go:119.2,119.15 1 0
AltaStore/business/purchasereceiving/mocks/Service.go:104.90,106.3 1 0
AltaStore/business/purchasereceiving/mocks/Service.go:106.8,107.24 1 0
AltaStore/business/purchasereceiving/mocks/Service.go:107.24,109.4 1 0
AltaStore/business/purchasereceiving/mocks/Service.go:113.59,115.3 1 0
AltaStore/business/purchasereceiving/mocks/Service.go:115.8,117.3 1 0
AltaStore/business/purchasereceiving/mocks/Service.go:123.119,127.99 3 0
AltaStore/business/purchasereceiving/mocks/Service.go:133.2,133.11 1 0
AltaStore/business/purchasereceiving/mocks/Service.go:127.99,129.3 1 0
AltaStore/business/purchasereceiving/mocks/Service.go:129.8,131.3 1 0
AltaStore/business/purchasereceiving/mocks/Service.go:137.131,141.107 3 0
AltaStore/business/purchasereceiving/mocks/Service.go:147.2,147.11 1 0
AltaStore/business/purchasereceiving/mocks/Service.go:141.107,143.3 1 0
AltaStore/business/purchasereceiving/mocks/Service.go:143.8,145.3 1 0
AltaStore/api/v1/purchasereceiving/request/insert.go:16.115,25.32 7 0
AltaStore/api/v1/purchasereceiving/request/insert.go:33.2,33.14 1 0
AltaStore/api/v1/purchasereceiving/request/insert.go:25.32,31.3 4 0
AltaStore/api/common/success_response.go:11.74,13.2 1 0
AltaStore/api/common/success_response.go:15.61,17.2 1 0
AltaStore/api/routes.go:17.3,18.78 1 0
AltaStore/api/routes.go:23.2,27.53 3 0
AltaStore/api/routes.go:48.2,67.69 18 0
AltaStore/api/routes.go:18.78,19.29 1 0
AltaStore/api/routes.go:27.53,36.40 5 0
AltaStore/api/routes.go:41.3,43.38 2 0
AltaStore/api/routes.go:36.40,39.4 2 0
AltaStore/main.go:41.60,48.16 3 0
AltaStore/main.go:52.2,54.11 2 0
AltaStore/main.go:48.16,49.13 1 0
AltaStore/main.go:57.66,63.16 3 0
AltaStore/main.go:67.2,68.16 2 0
AltaStore/main.go:72.2,72.41 1 0
AltaStore/main.go:63.16,64.13 1 0
AltaStore/main.go:68.16,69.13 1 0
AltaStore/main.go:75.13,138.27 21 0
AltaStore/main.go:143.2,147.16 4 0
AltaStore/main.go:138.27,141.3 2 0
AltaStore/main.go:147.16,149.3 1 0
AltaStore/config/config.go:25.29,55.16 19 0
AltaStore/config/config.go:60.2,62.16 3 0
AltaStore/config/config.go:67.2,67.21 1 0
AltaStore/config/config.go:55.16,58.3 2 0
AltaStore/config/config.go:62.16,65.3 2 0
AltaStore/api/middleware/jwt.go:13.13,24.2 2 1
AltaStore/api/middleware/jwt.go:26.42,31.2 1 0
AltaStore/api/middleware/jwt.go:33.57,35.16 2 0
AltaStore/api/middleware/jwt.go:43.2,43.38 1 0
AltaStore/api/middleware/jwt.go:35.16,38.19 3 0
AltaStore/api/middleware/jwt.go:41.3,41.21 1 0
AltaStore/api/middleware/jwt.go:38.19,40.4 1 0
AltaStore/api/middleware/jwt.go:46.55,48.16 2 0
AltaStore/api/middleware/jwt.go:53.2,53.41 1 0
AltaStore/api/middleware/jwt.go:48.16,52.3 3 0
AltaStore/business/product/service.go:41.82,43.2 1 0
AltaStore/business/product/service.go:45.55,47.2 1 0
AltaStore/business/product/service.go:49.111,51.2 1 0
AltaStore/business/product/service.go:53.64,55.2 1 0
AltaStore/business/product/service.go:57.68,59.2 1 0
AltaStore/business/product/service.go:61.83,63.16 2 0
AltaStore/business/product/service.go:70.2,71.24 2 0
AltaStore/business/product/service.go:74.2,75.16 2 0
AltaStore/business/product/service.go:78.2,90.41 2 0
AltaStore/business/product/service.go:63.16,65.3 1 0
AltaStore/business/product/service.go:71.24,73.3 1 0
AltaStore/business/product/service.go:75.16,77.3 1 0
AltaStore/business/product/service.go:93.101,95.16 2 0
AltaStore/business/product/service.go:102.2,103.16 2 0
AltaStore/business/product/service.go:110.2,111.16 2 0
AltaStore/business/product/service.go:114.2,125.52 2 0
AltaStore/business/product/service.go:95.16,97.3 1 0
AltaStore/business/product/service.go:103.16,105.3 1 0
AltaStore/business/product/service.go:105.8,105.27 1 0
AltaStore/business/product/service.go:105.27,107.3 1 0
AltaStore/business/product/service.go:107.8,107.36 1 0
AltaStore/business/product/service.go:107.36,109.3 1 0
AltaStore/business/product/service.go:111.16,113.3 1 0
AltaStore/business/product/service.go:128.66,134.16 2 0
AltaStore/business/product/service.go:141.2,146.50 2 0
AltaStore/business/product/service.go:134.16,136.3 1 0
AltaStore/business/product/service.go:136.8,136.27 1 0
AltaStore/business/product/service.go:136.27,138.3 1 0
AltaStore/business/product/service.go:138.8,138.36 1 0
AltaStore/business/product/service.go:138.36,140.3 1 0
AltaStore/api/middleware/logger.go:15.46,18.14 2 0
AltaStore/api/middleware/logger.go:25.2,31.4 1 0
AltaStore/api/middleware/logger.go:18.14,23.3 1 0
AltaStore/api/middleware/logger.go:34.63,35.36 1 0
AltaStore/api/middleware/logger.go:35.36,38.3 2 0
AltaStore/api/middleware/logger.go:41.46,43.8 2 0
AltaStore/api/middleware/logger.go:49.2,50.46 2 0
AltaStore/api/middleware/logger.go:43.8,45.3 1 0
AltaStore/api/middleware/logger.go:45.8,47.3 1 0
AltaStore/api/common/error_controller_response.go:12.53,14.2 1 0
AltaStore/api/common/error_controller_response.go:16.52,18.2 1 0
AltaStore/api/common/error_controller_response.go:20.51,22.2 1 0
AltaStore/api/common/error_controller_response.go:24.55,26.2 1 0
AltaStore/api/v1/purchasereceiving/response/getAll.go:20.92,23.42 3 0
AltaStore/api/v1/purchasereceiving/response/getAll.go:34.2,34.44 1 0
AltaStore/api/v1/purchasereceiving/response/getAll.go:38.2,38.22 1 0
AltaStore/api/v1/purchasereceiving/response/getAll.go:23.42,32.3 6 0
AltaStore/api/v1/purchasereceiving/response/getAll.go:34.44,36.3 1 0
AltaStore/api/common/error_business_response.go:21.68,23.2 1 0
AltaStore/api/common/error_business_response.go:25.56,26.13 1 0
AltaStore/api/common/error_business_response.go:27.10,28.42 1 0
AltaStore/api/common/error_business_response.go:30.28,31.31 1 0
AltaStore/api/common/error_business_response.go:33.35,34.38 1 0
AltaStore/api/common/error_business_response.go:36.37,37.32 1 0
AltaStore/api/common/error_business_response.go:39.36,40.34 1 0
AltaStore/api/common/error_business_response.go:42.31,43.29 1 0
AltaStore/api/common/error_business_response.go:45.30,46.28 1 0
AltaStore/api/common/error_business_response.go:48.32,49.30 1 0
AltaStore/api/common/error_business_response.go:50.31,51.29 1 0
AltaStore/api/common/error_business_response.go:55.65,58.2 1 0
AltaStore/api/common/error_business_response.go:60.54,63.2 1 0
AltaStore/api/common/error_business_response.go:65.61,68.2 1 0
AltaStore/api/common/error_business_response.go:70.55,73.2 1 0
AltaStore/api/common/error_business_response.go:75.57,78.2 1 0
AltaStore/api/common/error_business_response.go:80.52,83.2 1 0
AltaStore/api/common/error_business_response.go:85.51,88.2 1 0
AltaStore/api/common/error_business_response.go:90.53,93.2 1 0
AltaStore/api/common/error_business_response.go:95.52,98.2 1 0
AltaStore/api/v1/category/request/insert.go:12.73,19.2 4 0
AltaStore/api/v1/category/response/oneCategory.go:15.62,24.2 6 0
AltaStore/api/v1/product/response/getById.go:20.52,35.2 12 0
AltaStore/api/v1/purchasereceiving/request/update.go:20.115,29.32 4 0
AltaStore/api/v1/purchasereceiving/request/update.go:44.2,44.14 1 0
AltaStore/api/v1/purchasereceiving/request/update.go:29.32,42.3 1 0
AltaStore/business/category/category.go:23.12,33.2 1 1
AltaStore/business/category/category.go:35.88,41.2 1 1
AltaStore/util/validator/validator.go:13.41,17.21 3 1
AltaStore/util/validator/validator.go:21.2,21.17 1 1
AltaStore/util/validator/validator.go:17.21,19.3 1 1
AltaStore/modules/category/repository.go:28.58,38.2 1 0
AltaStore/modules/category/repository.go:40.62,50.2 1 0
AltaStore/modules/category/repository.go:52.45,54.2 1 0
AltaStore/modules/category/repository.go:56.69,60.16 3 0
AltaStore/modules/category/repository.go:64.2,65.35 2 0
AltaStore/modules/category/repository.go:69.2,69.21 1 0
AltaStore/modules/category/repository.go:60.16,62.3 1 0
AltaStore/modules/category/repository.go:65.35,67.3 1 0
AltaStore/modules/category/repository.go:72.78,76.16 3 0
AltaStore/modules/category/repository.go:80.2,81.23 2 0
AltaStore/modules/category/repository.go:76.16,78.3 1 0
AltaStore/modules/category/repository.go:84.82,88.16 3 0
AltaStore/modules/category/repository.go:92.2,93.23 2 0
AltaStore/modules/category/repository.go:88.16,90.3 1 0
AltaStore/modules/category/repository.go:96.66,99.45 2 0
AltaStore/modules/category/repository.go:106.2,108.40 2 0
AltaStore/modules/category/repository.go:99.45,100.17 1 0
AltaStore/modules/category/repository.go:103.3,103.32 1 0
AltaStore/modules/category/repository.go:100.17,102.4 1 0
AltaStore/modules/category/repository.go:111.77,116.16 4 0
AltaStore/modules/category/repository.go:120.2,123.16 2 0
AltaStore/modules/category/repository.go:127.2,127.12 1 0
AltaStore/modules/category/repository.go:116.16,118.3 1 0
AltaStore/modules/category/repository.go:123.16,125.3 1 0
AltaStore/modules/category/repository.go:130.69,134.85 3 0
AltaStore/modules/category/repository.go:138.2,141.10 1 0
AltaStore/modules/category/repository.go:134.85,136.3 1 0
AltaStore/modules/logger/repository.go:15.52,17.2 1 0
AltaStore/modules/logger/repository.go:19.71,24.2 2 0
AltaStore/business/product/mocks/Service.go:17.67,21.59 3 0
AltaStore/business/product/mocks/Service.go:27.2,27.11 1 0
AltaStore/business/product/mocks/Service.go:21.59,23.3 1 0
AltaStore/business/product/mocks/Service.go:23.8,25.3 1 0
AltaStore/business/product/mocks/Service.go:31.77,35.62 3 0
AltaStore/business/product/mocks/Service.go:43.2,44.51 2 0
AltaStore/business/product/mocks/Service.go:50.2,50.15 1 0
AltaStore/business/product/mocks/Service.go:35.62,37.3 1 0
AltaStore/business/product/mocks/Service.go:37.8,38.24 1 0
AltaStore/business/product/mocks/Service.go:38.24,40.4 1 0
AltaStore/business/product/mocks/Service.go:44.51,46.3 1 0
AltaStore/business/product/mocks/Service.go:46.8,48.3 1 0
AltaStore/business/product/mocks/Service.go:54.73,58.62 3 0
AltaStore/business/product/mocks/Service.go:66.2,67.51 2 0
AltaStore/business/product/mocks/Service.go:73.2,73.15 1 0
AltaStore/business/product/mocks/Service.go:58.62,60.3 1 0
AltaStore/business/product/mocks/Service.go:60.8,61.24 1 0
AltaStore/business/product/mocks/Service.go:61.24,63.4 1 0
AltaStore/business/product/mocks/Service.go:67.51,69.3 1 0
AltaStore/business/product/mocks/Service.go:69.8,71.3 1 0
AltaStore/business/product/mocks/Service.go:77.64,81.58 3 0
AltaStore/business/product/mocks/Service.go:89.2,90.45 2 0
AltaStore/business/product/mocks/Service.go:96.2,96.15 1 0
AltaStore/business/product/mocks/Service.go:81.58,83.3 1 0
AltaStore/business/product/mocks/Service.go:83.8,84.24 1 0
AltaStore/business/product/mocks/Service.go:84.24,86.4 1 0
AltaStore/business/product/mocks/Service.go:90.45,92.3 1 0
AltaStore/business/product/mocks/Service.go:92.8,94.3 1 0
AltaStore/business/product/mocks/Service.go:100.148,104.96 3 0
AltaStore/business/product/mocks/Service.go:112.2,113.83 2 0
AltaStore/business/product/mocks/Service.go:119.2,119.15 1 0
AltaStore/business/product/mocks/Service.go:104.96,106.3 1 0
AltaStore/business/product/mocks/Service.go:106.8,107.24 1 0
AltaStore/business/product/mocks/Service.go:107.24,109.4 1 0
AltaStore/business/product/mocks/Service.go:113.83,115.3 1 0
AltaStore/business/product/mocks/Service.go:115.8,117.3 1 0
AltaStore/business/product/mocks/Service.go:123.92,127.79 3 0
AltaStore/business/product/mocks/Service.go:133.2,133.11 1 0
AltaStore/business/product/mocks/Service.go:127.79,129.3 1 0
AltaStore/business/product/mocks/Service.go:129.8,131.3 1 0
AltaStore/business/product/mocks/Service.go:137.104,141.87 3 0
AltaStore/business/product/mocks/Service.go:147.2,147.11 1 0
AltaStore/business/product/mocks/Service.go:141.87,143.3 1 0
AltaStore/business/product/mocks/Service.go:143.8,145.3 1 0
AltaStore/modules/purchasereceiving/repository.go:30.88,44.2 1 0
AltaStore/modules/purchasereceiving/repository.go:48.22,62.2 1 0
AltaStore/modules/purchasereceiving/repository.go:64.45,66.2 1 0
AltaStore/modules/purchasereceiving/repository.go:68.92,70.52 2 0
AltaStore/modules/purchasereceiving/repository.go:74.2,74.12 1 0
AltaStore/modules/purchasereceiving/repository.go:70.52,72.3 1 0
AltaStore/modules/purchasereceiving/repository.go:78.137,83.45 3 0
AltaStore/modules/purchasereceiving/repository.go:93.2,95.76 2 0
AltaStore/modules/purchasereceiving/repository.go:99.2,104.10 1 0
AltaStore/modules/purchasereceiving/repository.go:83.45,84.17 1 0
AltaStore/modules/purchasereceiving/repository.go:88.3,88.28 1 0
AltaStore/modules/purchasereceiving/repository.go:84.17,86.4 1 0
AltaStore/modules/purchasereceiving/repository.go:88.28,90.4 1 0
AltaStore/modules/purchasereceiving/repository.go:95.76,97.3 1 0
AltaStore/modules/purchasereceiving/repository.go:107.92,114.16 3 0
AltaStore/modules/purchasereceiving/repository.go:117.2,117.12 1 0
AltaStore/modules/purchasereceiving/repository.go:114.16,116.3 1 0
AltaStore/modules/purchasereceiving/repository.go:120.118,127.16 5 0
AltaStore/modules/purchasereceiving/repository.go:130.2,131.16 2 0
AltaStore/modules/purchasereceiving/repository.go:135.2,135.34 1 0
AltaStore/modules/purchasereceiving/repository.go:140.2,140.28 1 0
AltaStore/modules/purchasereceiving/repository.go:127.16,129.3 1 0
AltaStore/modules/purchasereceiving/repository.go:131.16,133.3 1 0
AltaStore/modules/purchasereceiving/repository.go:135.34,138.3 2 0
AltaStore/modules/purchasereceiving/repository.go:142.96,149.16 6 0
AltaStore/modules/purchasereceiving/repository.go:153.2,153.34 1 0
AltaStore/modules/purchasereceiving/repository.go:158.2,158.28 1 0
AltaStore/modules/purchasereceiving/repository.go:149.16,151.3 1 0
AltaStore/modules/purchasereceiving/repository.go:153.34,156.3 2 0
AltaStore/modules/purchasereceiving/repository.go:161.104,165.16 3 0
AltaStore/modules/purchasereceiving/repository.go:169.2,169.44 1 0
AltaStore/modules/purchasereceiving/repository.go:165.16,167.3 1 0
AltaStore/modules/purchasereceiving/repository.go:172.108,176.16 3 0
AltaStore/modules/purchasereceiving/repository.go:180.2,180.44 1 0
AltaStore/modules/purchasereceiving/repository.go:176.16,178.3 1 0
AltaStore/modules/purchasereceivingdetail/repository.go:59.111,73.2 1 0
AltaStore/modules/purchasereceivingdetail/repository.go:77.28,91.2 1 0
AltaStore/modules/purchasereceivingdetail/repository.go:93.45,95.2 1 0
AltaStore/modules/purchasereceivingdetail/repository.go:97.104,99.45 2 0
AltaStore/modules/purchasereceivingdetail/repository.go:106.2,107.50 2 0
AltaStore/modules/purchasereceivingdetail/repository.go:111.2,111.12 1 0
AltaStore/modules/purchasereceivingdetail/repository.go:99.45,100.17 1 0
AltaStore/modules/purchasereceivingdetail/repository.go:103.3,103.32 1 0
AltaStore/modules/purchasereceivingdetail/repository.go:100.17,102.4 1 0
AltaStore/modules/purchasereceivingdetail/repository.go:107.50,109.3 1 0
AltaStore/modules/purchasereceivingdetail/repository.go:114.143,117.122 2 0
AltaStore/modules/purchasereceivingdetail/repository.go:121.2,126.10 1 0
AltaStore/modules/purchasereceivingdetail/repository.go:117.122,119.3 1 0
AltaStore/modules/purchasereceivingdetail/repository.go:129.117,132.122 2 0
AltaStore/modules/purchasereceivingdetail/repository.go:136.2,139.10 1 0
AltaStore/modules/purchasereceivingdetail/repository.go:132.122,134.3 1 0
AltaStore/modules/purchasereceivingdetail/repository.go:143.94,147.16 3 0
AltaStore/modules/purchasereceivingdetail/repository.go:154.2,157.10 1 0
AltaStore/modules/purchasereceivingdetail/repository.go:147.16,148.45 1 0
AltaStore/modules/purchasereceivingdetail/repository.go:151.3,151.13 1 0
AltaStore/modules/purchasereceivingdetail/repository.go:148.45,150.4 1 0
AltaStore/modules/purchasereceivingdetail/repository.go:160.135,168.61 3 0
AltaStore/modules/purchasereceivingdetail/repository.go:172.2,174.32 2 0
AltaStore/modules/purchasereceivingdetail/repository.go:178.2,178.26 1 0
AltaStore/modules/purchasereceivingdetail/repository.go:168.61,170.3 1 0
AltaStore/modules/purchasereceivingdetail/repository.go:174.32,176.3 1 0
AltaStore/modules/purchasereceivingdetail/repository.go:181.116,185.16 3 0
AltaStore/modules/purchasereceivingdetail/repository.go:188.2,188.21 1 0
AltaStore/modules/purchasereceivingdetail/repository.go:185.16,187.3 1 0
AltaStore/business/product/mocks/Repository.go:17.68,21.60 3 0
AltaStore/business/product/mocks/Repository.go:27.2,27.11 1 0
AltaStore/business/product/mocks/Repository.go:21.60,23.3 1 0
AltaStore/business/product/mocks/Repository.go:23.8,25.3 1 0
AltaStore/business/product/mocks/Repository.go:31.80,35.62 3 0
AltaStore/business/product/mocks/Repository.go:43.2,44.51 2 0
AltaStore/business/product/mocks/Repository.go:50.2,50.15 1 0
AltaStore/business/product/mocks/Repository.go:35.62,37.3 1 0
AltaStore/business/product/mocks/Repository.go:37.8,38.24 1 0
AltaStore/business/product/mocks/Repository.go:38.24,40.4 1 0
AltaStore/business/product/mocks/Repository.go:44.51,46.3 1 0
AltaStore/business/product/mocks/Repository.go:46.8,48.3 1 0
AltaStore/business/product/mocks/Repository.go:54.76,58.62 3 0
AltaStore/business/product/mocks/Repository.go:66.2,67.51 2 0
AltaStore/business/product/mocks/Repository.go:73.2,73.15 1 0
AltaStore/business/product/mocks/Repository.go:58.62,60.3 1 0
AltaStore/business/product/mocks/Repository.go:60.8,61.24 1 0
AltaStore/business/product/mocks/Repository.go:61.24,63.4 1 0
AltaStore/business/product/mocks/Repository.go:67.51,69.3 1 0
AltaStore/business/product/mocks/Repository.go:69.8,71.3 1 0
AltaStore/business/product/mocks/Repository.go:77.67,81.58 3 0
AltaStore/business/product/mocks/Repository.go:89.2,90.45 2 0
AltaStore/business/product/mocks/Repository.go:96.2,96.15 1 0
AltaStore/business/product/mocks/Repository.go:81.58,83.3 1 0
AltaStore/business/product/mocks/Repository.go:83.8,84.24 1 0
AltaStore/business/product/mocks/Repository.go:84.24,86.4 1 0
AltaStore/business/product/mocks/Repository.go:90.45,92.3 1 0
AltaStore/business/product/mocks/Repository.go:92.8,94.3 1 0
AltaStore/business/product/mocks/Repository.go:100.151,104.96 3 0
AltaStore/business/product/mocks/Repository.go:112.2,113.83 2 0
AltaStore/business/product/mocks/Repository.go:119.2,119.15 1 0
AltaStore/business/product/mocks/Repository.go:104.96,106.3 1 0
AltaStore/business/product/mocks/Repository.go:106.8,107.24 1 0
AltaStore/business/product/mocks/Repository.go:107.24,109.4 1 0
AltaStore/business/product/mocks/Repository.go:113.83,115.3 1 0
AltaStore/business/product/mocks/Repository.go:115.8,117.3 1 0
AltaStore/business/product/mocks/Repository.go:123.68,127.60 3 0
AltaStore/business/product/mocks/Repository.go:133.2,133.11 1 0
AltaStore/business/product/mocks/Repository.go:127.60,129.3 1 0
AltaStore/business/product/mocks/Repository.go:129.8,131.3 1 0
AltaStore/business/product/mocks/Repository.go:137.68,141.60 3 0
AltaStore/business/product/mocks/Repository.go:147.2,147.11 1 0
AltaStore/business/product/mocks/Repository.go:141.60,143.3 1 0
AltaStore/business/product/mocks/Repository.go:143.8,145.3 1 0
AltaStore/business/purchasereceiving/mocks/Service.go:17.77,21.59 3 0
AltaStore/business/purchasereceiving/mocks/Service.go:27.2,27.11 1 0
AltaStore/business/purchasereceiving/mocks/Service.go:21.59,23.3 1 0
AltaStore/business/purchasereceiving/mocks/Service.go:23.8,25.3 1 0
AltaStore/business/purchasereceiving/mocks/Service.go:31.107,35.84 3 0
AltaStore/business/purchasereceiving/mocks/Service.go:43.2,44.51 2 0
AltaStore/business/purchasereceiving/mocks/Service.go:50.2,50.15 1 0
AltaStore/business/purchasereceiving/mocks/Service.go:35.84,37.3 1 0
AltaStore/business/purchasereceiving/mocks/Service.go:37.8,38.24 1 0
AltaStore/business/purchasereceiving/mocks/Service.go:38.24,40.4 1 0
AltaStore/business/purchasereceiving/mocks/Service.go:44.51,46.3 1 0
AltaStore/business/purchasereceiving/mocks/Service.go:46.8,48.3 1 0
AltaStore/business/purchasereceiving/mocks/Service.go:54.131,58.92 3 0
AltaStore/business/purchasereceiving/mocks/Service.go:66.2,67.59 2 0
AltaStore/business/purchasereceiving/mocks/Service.go:73.2,73.15 1 0
AltaStore/business/purchasereceiving/mocks/Service.go:58.92,60.3 1 0
AltaStore/business/purchasereceiving/mocks/Service.go:60.8,61.24 1 0
AltaStore/business/purchasereceiving/mocks/Service.go:61.24,63.4 1 0
AltaStore/business/purchasereceiving/mocks/Service.go:67.59,69.3 1 0
AltaStore/business/purchasereceiving/mocks/Service.go:69.8,71.3 1 0
AltaStore/business/purchasereceiving/mocks/Service.go:77.121,81.90 3 0
AltaStore/business/purchasereceiving/mocks/Service.go:89.2,90.59 2 0
AltaStore/business/purchasereceiving/mocks/Service.go:96.2,96.15 1 0
AltaStore/business/purchasereceiving/mocks/Service.go:81.90,83.3 1 0
AltaStore/business/purchasereceiving/mocks/Service.go:83.8,84.24 1 0
AltaStore/business/purchasereceiving/mocks/Service.go:84.24,86.4 1 0
AltaStore/business/purchasereceiving/mocks/Service.go:90.59,92.3 1 0
AltaStore/business/purchasereceiving/mocks/Service.go:92.8,94.3 1 0
AltaStore/business/purchasereceiving/mocks/Service.go:100.117,104.90 3 0
AltaStore/business/purchasereceiving/mocks/Service.go:112.2,113.59 2 0
AltaStore/business/purchasereceiving/mocks/Service.go:119.2,119.15 1 0
AltaStore/business/purchasereceiving/mocks/Service.go:104.90,106.3 1 0
AltaStore/business/purchasereceiving/mocks/Service.go:106.8,107.24 1 0
AltaStore/business/purchasereceiving/mocks/Service.go:107.24,109.4 1 0
AltaStore/business/purchasereceiving/mocks/Service.go:113.59,115.3 1 0
AltaStore/business/purchasereceiving/mocks/Service.go:115.8,117.3 1 0
AltaStore/business/purchasereceiving/mocks/Service.go:123.119,127.99 3 0
AltaStore/business/purchasereceiving/mocks/Service.go:133.2,133.11 1 0
AltaStore/business/purchasereceiving/mocks/Service.go:127.99,129.3 1 0
AltaStore/business/purchasereceiving/mocks/Service.go:129.8,131.3 1 0
AltaStore/business/purchasereceiving/mocks/Service.go:137.131,141.107 3 0
AltaStore/business/purchasereceiving/mocks/Service.go:147.2,147.11 1 0
AltaStore/business/purchasereceiving/mocks/Service.go:141.107,143.3 1 0
AltaStore/business/purchasereceiving/mocks/Service.go:143.8,145.3 1 0
AltaStore/api/v1/category/response/allCategory.go:11.67,15.36 3 0
AltaStore/api/v1/category/response/allCategory.go:24.2,24.35 1 0
AltaStore/api/v1/category/response/allCategory.go:28.2,28.21 1 0
AltaStore/api/v1/category/response/allCategory.go:15.36,22.3 5 0
AltaStore/api/v1/category/response/allCategory.go:24.35,26.3 1 0
AltaStore/api/v1/category/controller.go:18.58,20.2 1 0
AltaStore/api/v1/category/controller.go:22.61,24.16 2 0
AltaStore/api/v1/category/controller.go:28.2,32.3 1 0
AltaStore/api/v1/category/controller.go:24.16,26.3 1 0
AltaStore/api/v1/category/controller.go:35.63,38.42 2 0
AltaStore/api/v1/category/controller.go:42.2,43.16 2 0
AltaStore/api/v1/category/controller.go:47.2,49.59 2 0
AltaStore/api/v1/category/controller.go:38.42,40.3 1 0
AltaStore/api/v1/category/controller.go:43.16,45.3 1 0
AltaStore/api/v1/category/controller.go:52.61,57.16 4 0
AltaStore/api/v1/category/controller.go:60.2,61.28 2 0
AltaStore/api/v1/category/controller.go:64.2,64.48 1 0
AltaStore/api/v1/category/controller.go:68.2,68.90 1 0
AltaStore/api/v1/category/controller.go:72.2,72.54 1 0
AltaStore/api/v1/category/controller.go:57.16,59.3 1 0
AltaStore/api/v1/category/controller.go:61.28,63.3 1 0
AltaStore/api/v1/category/controller.go:64.48,66.3 1 0
AltaStore/api/v1/category/controller.go:68.90,70.3 1 0
AltaStore/api/v1/category/controller.go:75.61,79.41 3 0
AltaStore/api/v1/category/controller.go:83.2,84.16 2 0
AltaStore/api/v1/category/controller.go:87.2,87.46 1 0
AltaStore/api/v1/category/controller.go:91.2,92.28 2 0
AltaStore/api/v1/category/controller.go:96.2,97.48 2 0
AltaStore/api/v1/category/controller.go:101.2,101.90 1 0
AltaStore/api/v1/category/controller.go:105.2,105.54 1 0
AltaStore/api/v1/category/controller.go:79.41,81.3 1 0
AltaStore/api/v1/category/controller.go:84.16,86.3 1 0
AltaStore/api/v1/category/controller.go:87.46,89.3 1 0
AltaStore/api/v1/category/controller.go:92.28,94.3 1 0
AltaStore/api/v1/category/controller.go:97.48,99.3 1 0
AltaStore/api/v1/category/controller.go:101.90,103.3 1 0
AltaStore/api/v1/category/controller.go:108.61,112.41 3 0
AltaStore/api/v1/category/controller.go:116.2,117.28 2 0
AltaStore/api/v1/category/controller.go:121.2,122.46 2 0
AltaStore/api/v1/category/controller.go:126.2,126.61 1 0
AltaStore/api/v1/category/controller.go:130.2,130.54 1 0
AltaStore/api/v1/category/controller.go:112.41,114.3 1 0
AltaStore/api/v1/category/controller.go:117.28,119.3 1 0
AltaStore/api/v1/category/controller.go:122.46,124.3 1 0
AltaStore/api/v1/category/controller.go:126.61,128.3 1 0
AltaStore/api/v1/purchasereceiving/response/getById.go:26.92,36.48 7 0
AltaStore/api/v1/purchasereceiving/response/getById.go:52.2,52.29 1 0
AltaStore/api/v1/purchasereceiving/response/getById.go:56.2,56.18 1 0
AltaStore/api/v1/purchasereceiving/response/getById.go:36.48,50.3 1 0
AltaStore/api/v1/purchasereceiving/response/getById.go:52.29,54.3 1 0
AltaStore/api/v1/category/request/update.go:10.69,17.2 4 0
AltaStore/api/v1/product/request/insert.go:17.75,29.2 9 0
AltaStore/business/purchasereceiving/purchasereceiving.go:47.21,57.2 1 0
AltaStore/business/purchasereceiving/purchasereceiving.go:66.27,76.2 1 0
AltaStore/business/purchasereceiving/purchasereceiving.go:84.21,96.2 1 0
AltaStore/business/purchasereceiving/purchasereceiving.go:104.27,115.2 1 0
AltaStore/business/purchasereceiving/purchasereceiving.go:120.21,134.2 1 0
AltaStore/business/purchasereceiving/purchasereceiving.go:139.27,152.2 1 0
AltaStore/api/v1/product/response/getAll.go:22.52,25.32 3 0
AltaStore/api/v1/product/response/getAll.go:41.2,41.32 1 0
AltaStore/api/v1/product/response/getAll.go:45.2,45.20 1 0
AltaStore/api/v1/product/response/getAll.go:25.32,39.3 11 0
AltaStore/api/v1/product/response/getAll.go:41.32,43.3 1 0
AltaStore/business/purchasereceiving/service.go:60.11,62.2 1 0
AltaStore/business/purchasereceiving/service.go:67.112,74.2 1 0
AltaStore/business/purchasereceiving/service.go:76.88,83.2 1 0
AltaStore/business/purchasereceiving/service.go:85.91,91.16 2 0
AltaStore/business/purchasereceiving/service.go:95.2,96.16 2 0
AltaStore/business/purchasereceiving/service.go:99.2,100.22 2 0
AltaStore/business/purchasereceiving/service.go:91.16,93.3 1 0
AltaStore/business/purchasereceiving/service.go:96.16,98.3 1 0
AltaStore/business/purchasereceiving/service.go:103.95,109.2 1 0
AltaStore/business/purchasereceiving/service.go:111.100,113.16 2 0
AltaStore/business/purchasereceiving/service.go:122.2,123.17 2 0
AltaStore/business/purchasereceiving/service.go:127.2,137.16 3 0
AltaStore/business/purchasereceiving/service.go:141.2,141.35 1 0
AltaStore/business/purchasereceiving/service.go:155.2,155.12 1 0
AltaStore/business/purchasereceiving/service.go:113.16,115.3 1 0
AltaStore/business/purchasereceiving/service.go:123.17,125.3 1 0
AltaStore/business/purchasereceiving/service.go:137.16,139.3 1 0
AltaStore/business/purchasereceiving/service.go:141.35,151.17 3 0
AltaStore/business/purchasereceiving/service.go:151.17,153.4 1 0
AltaStore/business/purchasereceiving/service.go:158.112,160.16 2 0
AltaStore/business/purchasereceiving/service.go:169.2,169.69 1 0
AltaStore/business/purchasereceiving/service.go:173.2,173.121 1 0
AltaStore/business/purchasereceiving/service.go:177.2,177.35 1 0
AltaStore/business/purchasereceiving/service.go:206.2,206.12 1 0
AltaStore/business/purchasereceiving/service.go:160.16,162.3 1 0
AltaStore/business/purchasereceiving/service.go:169.69,171.3 1 0
AltaStore/business/purchasereceiving/service.go:173.121,175.3 1 0
AltaStore/business/purchasereceiving/service.go:177.35,178.22 1 0
AltaStore/business/purchasereceiving/service.go:201.3,201.17 1 0
AltaStore/business/purchasereceiving/service.go:178.22,191.4 1 0
AltaStore/business/purchasereceiving/service.go:191.9,191.29 1 0
AltaStore/business/purchasereceiving/service.go:191.29,196.4 1 0
AltaStore/business/purchasereceiving/service.go:196.9,199.4 1 0
AltaStore/business/purchasereceiving/service.go:201.17,203.4 1 0
AltaStore/business/purchasereceiving/service.go:209.76,216.16 2 0
AltaStore/business/purchasereceiving/service.go:219.2,228.16 3 0
AltaStore/business/purchasereceiving/service.go:232.2,232.58 1 0
AltaStore/business/purchasereceiving/service.go:216.16,218.3 1 0
AltaStore/business/purchasereceiving/service.go:228.16,230.3 1 0
AltaStore/business/category/mocks/Service.go:17.68,21.59 3 0
AltaStore/business/category/mocks/Service.go:27.2,27.11 1 0
AltaStore/business/category/mocks/Service.go:21.59,23.3 1 0
AltaStore/business/category/mocks/Service.go:23.8,25.3 1 0
AltaStore/business/category/mocks/Service.go:31.80,35.64 3 0
AltaStore/business/category/mocks/Service.go:43.2,44.51 2 0
AltaStore/business/category/mocks/Service.go:50.2,50.15 1 0
AltaStore/business/category/mocks/Service.go:35.64,37.3 1 0
AltaStore/business/category/mocks/Service.go:37.8,38.24 1 0
AltaStore/business/category/mocks/Service.go:38.24,40.4 1 0
AltaStore/business/category/mocks/Service.go:44.51,46.3 1 0
AltaStore/business/category/mocks/Service.go:46.8,48.3 1 0
AltaStore/business/category/mocks/Service.go:54.76,58.64 3 0
AltaStore/business/category/mocks/Service.go:66.2,67.51 2 0
AltaStore/business/category/mocks/Service.go:73.2,73.15 1 0
AltaStore/business/category/mocks/Service.go:58.64,60.3 1 0
AltaStore/business/category/mocks/Service.go:60.8,61.24 1 0
AltaStore/business/category/mocks/Service.go:61.24,63.4 1 0
AltaStore/business/category/mocks/Service.go:67.51,69.3 1 0
AltaStore/business/category/mocks/Service.go:69.8,71.3 1 0
AltaStore/business/category/mocks/Service.go:77.67,81.60 3 0
AltaStore/business/category/mocks/Service.go:89.2,90.45 2 0
AltaStore/business/category/mocks/Service.go:96.2,96.15 1 0
AltaStore/business/category/mocks/Service.go:81.60,83.3 1 0
AltaStore/business/category/mocks/Service.go:83.8,84.24 1 0
AltaStore/business/category/mocks/Service.go:84.24,86.4 1 0
AltaStore/business/category/mocks/Service.go:90.45,92.3 1 0
AltaStore/business/category/mocks/Service.go:92.8,94.3 1 0
AltaStore/business/category/mocks/Service.go:100.85,104.75 3 0
AltaStore/business/category/mocks/Service.go:110.2,110.11 1 0
AltaStore/business/category/mocks/Service.go:104.75,106.3 1 0
AltaStore/business/category/mocks/Service.go:106.8,108.3 1 0
AltaStore/business/category/mocks/Service.go:114.97,118.83 3 0
AltaStore/business/category/mocks/Service.go:124.2,124.11 1 0
AltaStore/business/category/mocks/Service.go:118.83,120.3 1 0
AltaStore/business/category/mocks/Service.go:120.8,122.3 1 0
AltaStore/business/purchasereceiving/mocks/RepositoryDetail.go:19.140,23.81 3 0
AltaStore/business/purchasereceiving/mocks/RepositoryDetail.go:29.2,29.11 1 0
AltaStore/business/purchasereceiving/mocks/RepositoryDetail.go:23.81,25.3 1 0
AltaStore/business/purchasereceiving/mocks/RepositoryDetail.go:25.8,27.3 1 0
AltaStore/business/purchasereceiving/mocks/RepositoryDetail.go:33.93,37.59 3 0
AltaStore/business/purchasereceiving/mocks/RepositoryDetail.go:43.2,43.11 1 0
AltaStore/business/purchasereceiving/mocks/RepositoryDetail.go:37.59,39.3 1 0
AltaStore/business/purchasereceiving/mocks/RepositoryDetail.go:39.8,41.3 1 0
AltaStore/business/purchasereceiving/mocks/RepositoryDetail.go:47.123,51.88 3 0
AltaStore/business/purchasereceiving/mocks/RepositoryDetail.go:59.2,60.51 2 0
AltaStore/business/purchasereceiving/mocks/RepositoryDetail.go:66.2,66.15 1 0
AltaStore/business/purchasereceiving/mocks/RepositoryDetail.go:51.88,53.3 1 0
AltaStore/business/purchasereceiving/mocks/RepositoryDetail.go:53.8,54.24 1 0
AltaStore/business/purchasereceiving/mocks/RepositoryDetail.go:54.24,56.4 1 0
AltaStore/business/purchasereceiving/mocks/RepositoryDetail.go:60.51,62.3 1 0
AltaStore/business/purchasereceiving/mocks/RepositoryDetail.go:62.8,64.3 1 0
AltaStore/business/purchasereceiving/mocks/RepositoryDetail.go:70.142,74.90 3 0
AltaStore/business/purchasereceiving/mocks/RepositoryDetail.go:82.2,83.51 2 0
AltaStore/business/purchasereceiving/mocks/RepositoryDetail.go:89.2,89.15 1 0
AltaStore/business/purchasereceiving/mocks/RepositoryDetail.go:74.90,76.3 1 0
AltaStore/business/purchasereceiving/mocks/RepositoryDetail.go:76.8,77.24 1 0
AltaStore/business/purchasereceiving/mocks/RepositoryDetail.go:77.24,79.4 1 0
AltaStore/business/purchasereceiving/mocks/RepositoryDetail.go:83.51,85.3 1 0
AltaStore/business/purchasereceiving/mocks/RepositoryDetail.go:85.8,87.3 1 0
AltaStore/business/purchasereceiving/mocks/RepositoryDetail.go:93.114,97.87 3 0
AltaStore/business/purchasereceiving/mocks/RepositoryDetail.go:103.2,103.11 1 0
AltaStore/business/purchasereceiving/mocks/RepositoryDetail.go:97.87,99.3 1 0
AltaStore/business/purchasereceiving/mocks/RepositoryDetail.go:99.8,101.3 1 0
AltaStore/business/purchasereceiving/mocks/RepositoryDetail.go:107.163,111.93 3 0
AltaStore/business/purchasereceiving/mocks/RepositoryDetail.go:117.2,117.11 1 0
AltaStore/business/purchasereceiving/mocks/RepositoryDetail.go:111.93,113.3 1 0
AltaStore/business/purchasereceiving/mocks/RepositoryDetail.go:113.8,115.3 1 0
AltaStore/api/v1/purchasereceiving/controller.go:18.67,20.2 1 0
AltaStore/api/v1/purchasereceiving/controller.go:22.70,25.16 3 0
AltaStore/api/v1/purchasereceiving/controller.go:28.2,29.28 2 0
AltaStore/api/v1/purchasereceiving/controller.go:32.2,32.47 1 0
AltaStore/api/v1/purchasereceiving/controller.go:36.2,38.44 2 0
AltaStore/api/v1/purchasereceiving/controller.go:42.2,42.104 1 0
AltaStore/api/v1/purchasereceiving/controller.go:46.2,46.54 1 0
AltaStore/api/v1/purchasereceiving/controller.go:25.16,27.3 1 0
AltaStore/api/v1/purchasereceiving/controller.go:29.28,31.3 1 0
AltaStore/api/v1/purchasereceiving/controller.go:32.47,34.3 1 0
AltaStore/api/v1/purchasereceiving/controller.go:38.44,40.3 1 0
AltaStore/api/v1/purchasereceiving/controller.go:42.104,44.3 1 0
AltaStore/api/v1/purchasereceiving/controller.go:49.70,53.42 3 0
AltaStore/api/v1/purchasereceiving/controller.go:57.2,58.16 2 0
AltaStore/api/v1/purchasereceiving/controller.go:62.2,62.47 1 0
AltaStore/api/v1/purchasereceiving/controller.go:66.2,67.28 2 0
AltaStore/api/v1/purchasereceiving/controller.go:71.2,72.44 2 0
AltaStore/api/v1/purchasereceiving/controller.go:76.2,76.108 1 0
AltaStore/api/v1/purchasereceiving/controller.go:80.2,80.54 1 0
AltaStore/api/v1/purchasereceiving/controller.go:53.42,55.3 1 0
[...]
AltaStore/business/purchasereceiving/mocks/Service.go:46.8,48.3 1 0
AltaStore/business/purchasereceiving/mocks/Service.go:54.131,58.92 3 0
AltaStore/business/purchasereceiving/mocks/Service.go:66.2,67.59 2 0
AltaStore/business/purchasereceiving/mocks/Service.go:73.2,73.15 1 0
AltaStore/business/purchasereceiving/mocks/Service.go:58.92,60.3 1 0
AltaStore/business/purchasereceiving/mocks/Service.go:60.8,61.24 1 0
AltaStore/business/purchasereceiving/mocks/Service.go:61.24,63.4 1 0
AltaStore/business/purchasereceiving/mocks/Service.go:67.59,69.3 1 0
AltaStore/business/purchasereceiving/mocks/Service.go:69.8,71.3 1 0
AltaStore/business/purchasereceiving/mocks/Service.go:77.121,81.90 3 0
AltaStore/business/purchasereceiving/mocks/Service.go:89.2,90.59 2 0
AltaStore/business/purchasereceiving/mocks/Service.go:96.2,96.15 1 0
AltaStore/business/purchasereceiving/mocks/Service.go:81.90,83.3 1 0
AltaStore/business/purchasereceiving/mocks/Service.go:83.8,84.24 1 0
AltaStore/business/purchasereceiving/mocks/Service.go:84.24,86.4 1 0
AltaStore/business/purchasereceiving/mocks/Service.go:90.59,92.3 1 0
AltaStore/business/purchasereceiving/mocks/Service.go:92.8,94.3 1 0
AltaStore/business/purchasereceiving/mocks/Service.go:100.117,104.90 3 0
AltaStore/business/purchasereceiving/mocks/Service.go:112.2,113.59 2 0
AltaStore/business/purchasereceiving/mocks/Service.go:119.2,119.15 1 0
AltaStore/business/purchasereceiving/mocks/Service.go:104.90,106.3 1 0
AltaStore/business/purchasereceiving/mocks/Service.go:106.8,107.24 1 0
AltaStore/business/purchasereceiving/mocks/Service.go:107.24,109.4 1 0
AltaStore/business/purchasereceiving/mocks/Service.go:113.59,115.3 1 0
AltaStore/business/purchasereceiving/mocks/Service.go:115.8,117.3 1 0
AltaStore/business/purchasereceiving/mocks/Service.go:123.119,127.99 3 0
AltaStore/business/purchasereceiving/mocks/Service.go:133.2,133.11 1 0
AltaStore/business/purchasereceiving/mocks/Service.go:127.99,129.3 1 0
AltaStore/business/purchasereceiving/mocks/Service.go:129.8,131.3 1 0
AltaStore/business/purchasereceiving/mocks/Service.go:137.131,141.107 3 0
AltaStore/business/purchasereceiving/mocks/Service.go:147.2,147.11 1 0
AltaStore/business/purchasereceiving/mocks/Service.go:141.107,143.3 1 0
AltaStore/business/purchasereceiving/mocks/Service.go:143.8,145.3 1 0
AltaStore/api/v1/purchasereceiving/response/getById.go:26.92,36.48 7 0
AltaStore/api/v1/purchasereceiving/response/getById.go:52.2,52.29 1 0
AltaStore/api/v1/purchasereceiving/response/getById.go:56.2,56.18 1 0
AltaStore/api/v1/purchasereceiving/response/getById.go:36.48,50.3 1 0
AltaStore/api/v1/purchasereceiving/response/getById.go:52.29,54.3 1 0
AltaStore/api/v1/purchasereceiving/request/update.go:20.115,29.32 4 0
AltaStore/api/v1/purchasereceiving/request/update.go:44.2,44.14 1 0
AltaStore/api/v1/purchasereceiving/request/update.go:29.32,42.3 1 0
AltaStore/api/common/error_business_response.go:21.68,23.2 1 0
AltaStore/api/common/error_business_response.go:25.56,26.13 1 0
AltaStore/api/common/error_business_response.go:27.10,28.42 1 0
AltaStore/api/common/error_business_response.go:30.28,31.31 1 0
AltaStore/api/common/error_business_response.go:33.35,34.38 1 0
AltaStore/api/common/error_business_response.go:36.37,37.32 1 0
AltaStore/api/common/error_business_response.go:39.36,40.34 1 0
AltaStore/api/common/error_business_response.go:42.31,43.29 1 0
AltaStore/api/common/error_business_response.go:45.30,46.28 1 0
AltaStore/api/common/error_business_response.go:48.32,49.30 1 0
AltaStore/api/common/error_business_response.go:50.31,51.29 1 0
AltaStore/api/common/error_business_response.go:55.65,58.2 1 0
AltaStore/api/common/error_business_response.go:60.54,63.2 1 0
AltaStore/api/common/error_business_response.go:65.61,68.2 1 0
AltaStore/api/common/error_business_response.go:70.55,73.2 1 0
AltaStore/api/common/error_business_response.go:75.57,78.2 1 0
AltaStore/api/common/error_business_response.go:80.52,83.2 1 0
AltaStore/api/common/error_business_response.go:85.51,88.2 1 0
AltaStore/api/common/error_business_response.go:90.53,93.2 1 0
AltaStore/api/common/error_business_response.go:95.52,98.2 1 0
AltaStore/business/category/category.go:23.12,33.2 1 0
AltaStore/business/category/category.go:35.88,41.2 1 0
AltaStore/api/v1/category/response/allCategory.go:11.67,15.36 3 0
AltaStore/api/v1/category/response/allCategory.go:24.2,24.35 1 0
AltaStore/api/v1/category/response/allCategory.go:28.2,28.21 1 0
AltaStore/api/v1/category/response/allCategory.go:15.36,22.3 5 0
AltaStore/api/v1/category/response/allCategory.go:24.35,26.3 1 0
AltaStore/api/v1/purchasereceiving/response/getAll.go:20.92,23.42 3 0
AltaStore/api/v1/purchasereceiving/response/getAll.go:34.2,34.44 1 0
AltaStore/api/v1/purchasereceiving/response/getAll.go:38.2,38.22 1 0
AltaStore/api/v1/purchasereceiving/response/getAll.go:23.42,32.3 6 0
AltaStore/api/v1/purchasereceiving/response/getAll.go:34.44,36.3 1 0
AltaStore/business/product/mocks/Repository.go:17.68,21.60 3 0
AltaStore/business/product/mocks/Repository.go:27.2,27.11 1 0
AltaStore/business/product/mocks/Repository.go:21.60,23.3 1 0
AltaStore/business/product/mocks/Repository.go:23.8,25.3 1 0
AltaStore/business/product/mocks/Repository.go:31.80,35.62 3 0
AltaStore/business/product/mocks/Repository.go:43.2,44.51 2 0
AltaStore/business/product/mocks/Repository.go:50.2,50.15 1 0
AltaStore/business/product/mocks/Repository.go:35.62,37.3 1 0
AltaStore/business/product/mocks/Repository.go:37.8,38.24 1 0
AltaStore/business/product/mocks/Repository.go:38.24,40.4 1 0
AltaStore/business/product/mocks/Repository.go:44.51,46.3 1 0
AltaStore/business/product/mocks/Repository.go:46.8,48.3 1 0
AltaStore/business/product/mocks/Repository.go:54.76,58.62 3 0
AltaStore/business/product/mocks/Repository.go:66.2,67.51 2 0
AltaStore/business/product/mocks/Repository.go:73.2,73.15 1 0
AltaStore/business/product/mocks/Repository.go:58.62,60.3 1 0
AltaStore/business/product/mocks/Repository.go:60.8,61.24 1 0
AltaStore/business/product/mocks/Repository.go:61.24,63.4 1 0
AltaStore/business/product/mocks/Repository.go:67.51,69.3 1 0
AltaStore/business/product/mocks/Repository.go:69.8,71.3 1 0
AltaStore/business/product/mocks/Repository.go:77.67,81.58 3 0
AltaStore/business/product/mocks/Repository.go:89.2,90.45 2 0
AltaStore/business/product/mocks/Repository.go:96.2,96.15 1 0
AltaStore/business/product/mocks/Repository.go:81.58,83.3 1 0
AltaStore/business/product/mocks/Repository.go:83.8,84.24 1 0
AltaStore/business/product/mocks/Repository.go:84.24,86.4 1 0
AltaStore/business/product/mocks/Repository.go:90.45,92.3 1 0
AltaStore/business/product/mocks/Repository.go:92.8,94.3 1 0
AltaStore/business/product/mocks/Repository.go:100.151,104.96 3 0
AltaStore/business/product/mocks/Repository.go:112.2,113.83 2 0
AltaStore/business/product/mocks/Repository.go:119.2,119.15 1 0
AltaStore/business/product/mocks/Repository.go:104.96,106.3 1 0
AltaStore/business/product/mocks/Repository.go:106.8,107.24 1 0
AltaStore/business/product/mocks/Repository.go:107.24,109.4 1 0
AltaStore/business/product/mocks/Repository.go:113.83,115.3 1 0
AltaStore/business/product/mocks/Repository.go:115.8,117.3 1 0
AltaStore/business/product/mocks/Repository.go:123.68,127.60 3 0
AltaStore/business/product/mocks/Repository.go:133.2,133.11 1 0
AltaStore/business/product/mocks/Repository.go:127.60,129.3 1 0
AltaStore/business/product/mocks/Repository.go:129.8,131.3 1 0
AltaStore/business/product/mocks/Repository.go:137.68,141.60 3 0
AltaStore/business/product/mocks/Repository.go:147.2,147.11 1 0
AltaStore/business/product/mocks/Repository.go:141.60,143.3 1 0
AltaStore/business/product/mocks/Repository.go:143.8,145.3 1 0
AltaStore/api/middleware/logger.go:15.46,18.14 2 0
AltaStore/api/middleware/logger.go:25.2,31.4 1 0
AltaStore/api/middleware/logger.go:18.14,23.3 1 0
AltaStore/api/middleware/logger.go:34.63,35.36 1 0
AltaStore/api/middleware/logger.go:35.36,38.3 2 0
AltaStore/api/middleware/logger.go:41.46,43.8 2 0
AltaStore/api/middleware/logger.go:49.2,50.46 2 0
AltaStore/api/middleware/logger.go:43.8,45.3 1 0
AltaStore/api/middleware/logger.go:45.8,47.3 1 0
AltaStore/api/v1/category/request/update.go:10.69,17.2 4 0
AltaStore/api/v1/category/response/oneCategory.go:15.62,24.2 6 0
AltaStore/api/v1/product/request/insert.go:17.75,29.2 9 0
AltaStore/business/purchasereceiving/service.go:60.11,62.2 1 1
AltaStore/business/purchasereceiving/service.go:67.112,74.2 1 1
AltaStore/business/purchasereceiving/service.go:76.88,83.2 1 1
AltaStore/business/purchasereceiving/service.go:85.91,91.16 2 1
AltaStore/business/purchasereceiving/service.go:95.2,96.16 2 1
AltaStore/business/purchasereceiving/service.go:99.2,100.22 2 1
AltaStore/business/purchasereceiving/service.go:91.16,93.3 1 1
AltaStore/business/purchasereceiving/service.go:96.16,98.3 1 1
AltaStore/business/purchasereceiving/service.go:103.95,109.2 1 1
AltaStore/business/purchasereceiving/service.go:111.100,113.16 2 1
AltaStore/business/purchasereceiving/service.go:122.2,123.17 2 1
AltaStore/business/purchasereceiving/service.go:127.2,137.16 3 1
AltaStore/business/purchasereceiving/service.go:141.2,141.35 1 1
AltaStore/business/purchasereceiving/service.go:155.2,155.12 1 1
AltaStore/business/purchasereceiving/service.go:113.16,115.3 1 0
AltaStore/business/purchasereceiving/service.go:123.17,125.3 1 1
AltaStore/business/purchasereceiving/service.go:137.16,139.3 1 1
AltaStore/business/purchasereceiving/service.go:141.35,151.17 3 1
AltaStore/business/purchasereceiving/service.go:151.17,153.4 1 0
AltaStore/business/purchasereceiving/service.go:158.112,160.16 2 1
AltaStore/business/purchasereceiving/service.go:169.2,169.69 1 1
AltaStore/business/purchasereceiving/service.go:173.2,173.121 1 1
AltaStore/business/purchasereceiving/service.go:177.2,177.35 1 1
AltaStore/business/purchasereceiving/service.go:206.2,206.12 1 1
AltaStore/business/purchasereceiving/service.go:160.16,162.3 1 0
AltaStore/business/purchasereceiving/service.go:169.69,171.3 1 1
AltaStore/business/purchasereceiving/service.go:173.121,175.3 1 1
AltaStore/business/purchasereceiving/service.go:177.35,178.22 1 1
AltaStore/business/purchasereceiving/service.go:201.3,201.17 1 1
AltaStore/business/purchasereceiving/service.go:178.22,191.4 1 0
AltaStore/business/purchasereceiving/service.go:191.9,191.29 1 1
AltaStore/business/purchasereceiving/service.go:191.29,196.4 1 1
AltaStore/business/purchasereceiving/service.go:196.9,199.4 1 0
AltaStore/business/purchasereceiving/service.go:201.17,203.4 1 1
AltaStore/business/purchasereceiving/service.go:209.76,216.16 2 1
AltaStore/business/purchasereceiving/service.go:219.2,228.16 3 1
AltaStore/business/purchasereceiving/service.go:232.2,232.58 1 1
AltaStore/business/purchasereceiving/service.go:216.16,218.3 1 1
AltaStore/business/purchasereceiving/service.go:228.16,230.3 1 1
AltaStore/config/config.go:25.29,55.16 19 0
AltaStore/config/config.go:60.2,62.16 3 0
AltaStore/config/config.go:67.2,67.21 1 0
AltaStore/config/config.go:55.16,58.3 2 0
AltaStore/config/config.go:62.16,65.3 2 0
AltaStore/api/common/success_response.go:11.74,13.2 1 0
AltaStore/api/common/success_response.go:15.61,17.2 1 0
AltaStore/business/product/product.go:40.11,55.2 1 0
AltaStore/business/product/product.go:66.11,81.2 1 0
AltaStore/business/product/product.go:85.26,103.2 1 0
AltaStore/api/routes.go:17.3,18.78 1 0
AltaStore/api/routes.go:23.2,27.53 3 0
AltaStore/api/routes.go:48.2,67.69 18 0
AltaStore/api/routes.go:18.78,19.29 1 0
AltaStore/api/routes.go:27.53,36.40 5 0
AltaStore/api/routes.go:41.3,43.38 2 0
AltaStore/api/routes.go:36.40,39.4 2 0
AltaStore/business/product/mocks/Service.go:17.67,21.59 3 0
AltaStore/business/product/mocks/Service.go:27.2,27.11 1 0
AltaStore/business/product/mocks/Service.go:21.59,23.3 1 0
AltaStore/business/product/mocks/Service.go:23.8,25.3 1 0
AltaStore/business/product/mocks/Service.go:31.77,35.62 3 0
AltaStore/business/product/mocks/Service.go:43.2,44.51 2 0
AltaStore/business/product/mocks/Service.go:50.2,50.15 1 0
AltaStore/business/product/mocks/Service.go:35.62,37.3 1 0
AltaStore/business/product/mocks/Service.go:37.8,38.24 1 0
AltaStore/business/product/mocks/Service.go:38.24,40.4 1 0
AltaStore/business/product/mocks/Service.go:44.51,46.3 1 0
AltaStore/business/product/mocks/Service.go:46.8,48.3 1 0
AltaStore/business/product/mocks/Service.go:54.73,58.62 3 0
AltaStore/business/product/mocks/Service.go:66.2,67.51 2 0
AltaStore/business/product/mocks/Service.go:73.2,73.15 1 0
AltaStore/business/product/mocks/Service.go:58.62,60.3 1 0
AltaStore/business/product/mocks/Service.go:60.8,61.24 1 0
AltaStore/business/product/mocks/Service.go:61.24,63.4 1 0
AltaStore/business/product/mocks/Service.go:67.51,69.3 1 0
AltaStore/business/product/mocks/Service.go:69.8,71.3 1 0
AltaStore/business/product/mocks/Service.go:77.64,81.58 3 0
AltaStore/business/product/mocks/Service.go:89.2,90.45 2 0
AltaStore/business/product/mocks/Service.go:96.2,96.15 1 0
AltaStore/business/product/mocks/Service.go:81.58,83.3 1 0
AltaStore/business/product/mocks/Service.go:83.8,84.24 1 0
AltaStore/business/product/mocks/Service.go:84.24,86.4 1 0
AltaStore/business/product/mocks/Service.go:90.45,92.3 1 0
AltaStore/business/product/mocks/Service.go:92.8,94.3 1 0
AltaStore/business/product/mocks/Service.go:100.148,104.96 3 0
AltaStore/business/product/mocks/Service.go:112.2,113.83 2 0
AltaStore/business/product/mocks/Service.go:119.2,119.15 1 0
AltaStore/business/product/mocks/Service.go:104.96,106.3 1 0
AltaStore/business/product/mocks/Service.go:106.8,107.24 1 0
AltaStore/business/product/mocks/Service.go:107.24,109.4 1 0
AltaStore/business/product/mocks/Service.go:113.83,115.3 1 0
AltaStore/business/product/mocks/Service.go:115.8,117.3 1 0
AltaStore/business/product/mocks/Service.go:123.92,127.79 3 0
AltaStore/business/product/mocks/Service.go:133.2,133.11 1 0
AltaStore/business/product/mocks/Service.go:127.79,129.3 1 0
AltaStore/business/product/mocks/Service.go:129.8,131.3 1 0
AltaStore/business/product/mocks/Service.go:137.104,141.87 3 0
AltaStore/business/product/mocks/Service.go:147.2,147.11 1 0
AltaStore/business/product/mocks/Service.go:141.87,143.3 1 0
AltaStore/business/product/mocks/Service.go:143.8,145.3 1 0
AltaStore/api/common/error_controller_response.go:12.53,14.2 1 0
AltaStore/api/common/error_controller_response.go:16.52,18.2 1 0
AltaStore/api/common/error_controller_response.go:20.51,22.2 1 0
AltaStore/api/common/error_controller_response.go:24.55,26.2 1 0
AltaStore/api/v1/product/response/getAll.go:22.52,25.32 3 0
AltaStore/api/v1/product/response/getAll.go:41.2,41.32 1 0
AltaStore/api/v1/product/response/getAll.go:45.2,45.20 1 0
AltaStore/api/v1/product/response/getAll.go:25.32,39.3 11 0
AltaStore/api/v1/product/response/getAll.go:41.32,43.3 1 0
AltaStore/business/purchasereceiving/purchasereceiving.go:47.21,57.2 1 1
AltaStore/business/purchasereceiving/purchasereceiving.go:66.27,76.2 1 1
AltaStore/business/purchasereceiving/purchasereceiving.go:84.21,96.2 1 0
AltaStore/business/purchasereceiving/purchasereceiving.go:104.27,115.2 1 0
AltaStore/business/purchasereceiving/purchasereceiving.go:120.21,134.2 1 1
AltaStore/business/purchasereceiving/purchasereceiving.go:139.27,152.2 1 0
AltaStore/api/v1/product/request/update.go:14.75,25.2 8 0
AltaStore/business/logger/service.go:9.48,11.2 1 0
AltaStore/business/logger/service.go:13.54,19.2 3 0
AltaStore/modules/logger/repository.go:15.52,17.2 1 0
AltaStore/modules/logger/repository.go:19.71,24.2 2 0
AltaStore/modules/purchasereceiving/repository.go:30.88,44.2 1 0
AltaStore/modules/purchasereceiving/repository.go:48.22,62.2 1 0
AltaStore/modules/purchasereceiving/repository.go:64.45,66.2 1 0
AltaStore/modules/purchasereceiving/repository.go:68.92,70.52 2 0
AltaStore/modules/purchasereceiving/repository.go:74.2,74.12 1 0
AltaStore/modules/purchasereceiving/repository.go:70.52,72.3 1 0
AltaStore/modules/purchasereceiving/repository.go:78.137,83.45 3 0
AltaStore/modules/purchasereceiving/repository.go:93.2,95.76 2 0
AltaStore/modules/purchasereceiving/repository.go:99.2,104.10 1 0
AltaStore/modules/purchasereceiving/repository.go:83.45,84.17 1 0
AltaStore/modules/purchasereceiving/repository.go:88.3,88.28 1 0
AltaStore/modules/purchasereceiving/repository.go:84.17,86.4 1 0
AltaStore/modules/purchasereceiving/repository.go:88.28,90.4 1 0
AltaStore/modules/purchasereceiving/repository.go:95.76,97.3 1 0
AltaStore/modules/purchasereceiving/repository.go:107.92,114.16 3 0
AltaStore/modules/purchasereceiving/repository.go:117.2,117.12 1 0
AltaStore/modules/purchasereceiving/repository.go:114.16,116.3 1 0
AltaStore/modules/purchasereceiving/repository.go:120.118,127.16 5 0
AltaStore/modules/purchasereceiving/repository.go:130.2,131.16 2 0
AltaStore/modules/purchasereceiving/repository.go:135.2,135.34 1 0
AltaStore/modules/purchasereceiving/repository.go:140.2,140.28 1 0
AltaStore/modules/purchasereceiving/repository.go:127.16,129.3 1 0
AltaStore/modules/purchasereceiving/repository.go:131.16,133.3 1 0
AltaStore/modules/purchasereceiving/repository.go:135.34,138.3 2 0
AltaStore/modules/purchasereceiving/repository.go:142.96,149.16 6 0
AltaStore/modules/purchasereceiving/repository.go:153.2,153.34 1 0
AltaStore/modules/purchasereceiving/repository.go:158.2,158.28 1 0
AltaStore/modules/purchasereceiving/repository.go:149.16,151.3 1 0
AltaStore/modules/purchasereceiving/repository.go:153.34,156.3 2 0
AltaStore/modules/purchasereceiving/repository.go:161.104,165.16 3 0
AltaStore/modules/purchasereceiving/repository.go:169.2,169.44 1 0
AltaStore/modules/purchasereceiving/repository.go:165.16,167.3 1 0
AltaStore/modules/purchasereceiving/repository.go:172.108,176.16 3 0
AltaStore/modules/purchasereceiving/repository.go:180.2,180.44 1 0
AltaStore/modules/purchasereceiving/repository.go:176.16,178.3 1 0
AltaStore/modules/purchasereceivingdetail/repository.go:59.111,73.2 1 0
AltaStore/modules/purchasereceivingdetail/repository.go:77.28,91.2 1 0
AltaStore/modules/purchasereceivingdetail/repository.go:93.45,95.2 1 0
AltaStore/modules/purchasereceivingdetail/repository.go:97.104,99.45 2 0
AltaStore/modules/purchasereceivingdetail/repository.go:106.2,107.50 2 0
AltaStore/modules/purchasereceivingdetail/repository.go:111.2,111.12 1 0
AltaStore/modules/purchasereceivingdetail/repository.go:99.45,100.17 1 0
AltaStore/modules/purchasereceivingdetail/repository.go:103.3,103.32 1 0
AltaStore/modules/purchasereceivingdetail/repository.go:100.17,102.4 1 0
AltaStore/modules/purchasereceivingdetail/repository.go:107.50,109.3 1 0
AltaStore/modules/purchasereceivingdetail/repository.go:114.143,117.122 2 0
AltaStore/modules/purchasereceivingdetail/repository.go:121.2,126.10 1 0
AltaStore/modules/purchasereceivingdetail/repository.go:117.122,119.3 1 0
AltaStore/modules/purchasereceivingdetail/repository.go:129.117,132.122 2 0
AltaStore/modules/purchasereceivingdetail/repository.go:136.2,139.10 1 0
AltaStore/modules/purchasereceivingdetail/repository.go:132.122,134.3 1 0
AltaStore/modules/purchasereceivingdetail/repository.go:143.94,147.16 3 0
AltaStore/modules/purchasereceivingdetail/repository.go:154.2,157.10 1 0
AltaStore/modules/purchasereceivingdetail/repository.go:147.16,148.45 1 0
AltaStore/modules/purchasereceivingdetail/repository.go:151.3,151.13 1 0
AltaStore/modules/purchasereceivingdetail/repository.go:148.45,150.4 1 0
AltaStore/modules/purchasereceivingdetail/repository.go:160.135,168.61 3 0
AltaStore/modules/purchasereceivingdetail/repository.go:172.2,174.32 2 0
AltaStore/modules/purchasereceivingdetail/repository.go:178.2,178.26 1 0
AltaStore/modules/purchasereceivingdetail/repository.go:168.61,170.3 1 0
AltaStore/modules/purchasereceivingdetail/repository.go:174.32,176.3 1 0
AltaStore/modules/purchasereceivingdetail/repository.go:181.116,185.16 3 0
AltaStore/modules/purchasereceivingdetail/repository.go:188.2,188.21 1 0
AltaStore/modules/purchasereceivingdetail/repository.go:185.16,187.3 1 0
